\BOOKMARK [1][-]{section.1}{\376\377\000I\000n\000t\000r\000o\000d\000u\000c\000t\000i\000o\000n}{}% 1
\BOOKMARK [1][-]{section.2}{\376\377\000F\000u\000n\000d\000a\000m\000e\000n\000t\000a\000l\000\040\000C\000o\000n\000c\000e\000p\000t\000s}{}% 2
\BOOKMARK [2][-]{subsection.2.1}{\376\377\000D\000i\000g\000i\000t\000a\000l\000\040\000I\000m\000a\000g\000e\000\040\000P\000r\000o\000c\000e\000s\000s\000i\000n\000g}{section.2}% 3
\BOOKMARK [2][-]{subsection.2.2}{\376\377\000S\000p\000a\000t\000i\000a\000l\000\040\000F\000i\000l\000t\000e\000r}{section.2}% 4
\BOOKMARK [2][-]{subsection.2.3}{\376\377\000K\000e\000r\000n\000e\000l\000s}{section.2}% 5
\BOOKMARK [3][-]{subsubsection.2.3.1}{\376\377\000A\000v\000e\000r\000a\000g\000e\000\040\000B\000l\000u\000r}{subsection.2.3}% 6
\BOOKMARK [3][-]{subsubsection.2.3.2}{\376\377\000G\000a\000u\000s\000s\000i\000a\000n\000\040\000B\000l\000u\000r}{subsection.2.3}% 7
\BOOKMARK [3][-]{subsubsection.2.3.3}{\376\377\000S\000o\000b\000e\000l}{subsection.2.3}% 8
\BOOKMARK [3][-]{subsubsection.2.3.4}{\376\377\000L\000a\000p\000l\000a\000c\000i\000a\000n}{subsection.2.3}% 9
\BOOKMARK [3][-]{subsubsection.2.3.5}{\376\377\000S\000h\000a\000r\000p\000e\000n\000i\000n\000g}{subsection.2.3}% 10
\BOOKMARK [2][-]{subsection.2.4}{\376\377\000C\000o\000n\000v\000o\000l\000u\000t\000i\000o\000n}{section.2}% 11
\BOOKMARK [2][-]{subsection.2.5}{\376\377\000V\000i\000d\000e\000o\000\040\000S\000t\000r\000e\000a\000m}{section.2}% 12
\BOOKMARK [2][-]{subsection.2.6}{\376\377\000F\000P\000G\000A}{section.2}% 13
\BOOKMARK [2][-]{subsection.2.7}{\376\377\000F\000P\000G\000A\000\040\000D\000e\000v\000e\000l\000o\000p\000m\000e\000n\000t\000\040\000B\000o\000a\000r\000d}{section.2}% 14
\BOOKMARK [2][-]{subsection.2.8}{\376\377\000P\000e\000r\000f\000o\000r\000m\000a\000n\000c\000e\000\040\000E\000v\000a\000l\000u\000a\000t\000i\000n\000o\000n}{section.2}% 15
\BOOKMARK [3][-]{subsubsection.2.8.1}{\376\377\000C\000o\000m\000p\000u\000t\000a\000t\000i\000o\000n\000\040\000T\000i\000m\000e}{subsection.2.8}% 16
\BOOKMARK [3][-]{subsubsection.2.8.2}{\376\377\000F\000r\000a\000m\000e\000\040\000R\000a\000t\000e\000\040\000\050\000F\000P\000S\000\051}{subsection.2.8}% 17
\BOOKMARK [3][-]{subsubsection.2.8.3}{\376\377\000C\000P\000U\000\040\000L\000o\000a\000d\000s}{subsection.2.8}% 18
\BOOKMARK [3][-]{subsubsection.2.8.4}{\376\377\000M\000e\000m\000o\000r\000y\000\040\000U\000t\000i\000l\000i\000z\000e}{subsection.2.8}% 19
\BOOKMARK [3][-]{subsubsection.2.8.5}{\376\377\000V\000i\000r\000t\000u\000a\000l\000\040\000M\000e\000m\000o\000r\000y\000\040\000\050\000V\000I\000R\000T\000\051}{subsection.2.8}% 20
\BOOKMARK [3][-]{subsubsection.2.8.6}{\376\377\000R\000e\000s\000i\000d\000e\000n\000t\000\040\000M\000e\000m\000o\000r\000y\000\040\000\050\000R\000E\000S\000\051}{subsection.2.8}% 21
\BOOKMARK [3][-]{subsubsection.2.8.7}{\376\377\000S\000h\000a\000r\000e\000d\000\040\000M\000e\000m\000o\000r\000y\000\040\000\050\000S\000H\000R\000\051}{subsection.2.8}% 22
\BOOKMARK [1][-]{section.3}{\376\377\000T\000o\000o\000l\000s\000\040\000a\000n\000d\000\040\000M\000e\000t\000h\000o\000d\000s}{}% 23
\BOOKMARK [2][-]{subsection.3.1}{\376\377\000S\000y\000s\000t\000e\000m\000\040\000D\000e\000s\000i\000g\000n}{section.3}% 24
\BOOKMARK [2][-]{subsection.3.2}{\376\377\000T\000o\000o\000l\000s}{section.3}% 25
\BOOKMARK [2][-]{subsection.3.3}{\376\377\000M\000e\000t\000h\000o\000d\000s}{section.3}% 26
\BOOKMARK [3][-]{subsubsection.3.3.1}{\376\377\000A\000v\000e\000r\000a\000g\000e\000\040\000B\000l\000u\000r}{subsection.3.3}% 27
\BOOKMARK [3][-]{subsubsection.3.3.2}{\376\377\000G\000a\000u\000s\000s\000i\000a\000n\000\040\000B\000l\000u\000r}{subsection.3.3}% 28
\BOOKMARK [3][-]{subsubsection.3.3.3}{\376\377\000L\000a\000p\000l\000a\000c\000i\000a\000n}{subsection.3.3}% 29
\BOOKMARK [3][-]{subsubsection.3.3.4}{\376\377\000S\000h\000a\000r\000p\000e\000n\000i\000n\000g}{subsection.3.3}% 30
\BOOKMARK [3][-]{subsubsection.3.3.5}{\376\377\000S\000o\000b\000e\000l\000\040\000H\000o\000r\000i\000z\000o\000n\000t\000a\000l}{subsection.3.3}% 31
\BOOKMARK [3][-]{subsubsection.3.3.6}{\376\377\000S\000o\000b\000e\000l\000\040\000V\000e\000r\000t\000i\000c\000a\000l}{subsection.3.3}% 32
\BOOKMARK [1][-]{section.4}{\376\377\000R\000e\000s\000u\000l\000t\000s\000\040\000a\000n\000d\000\040\000D\000i\000s\000c\000u\000s\000s\000i\000o\000n\000s}{}% 33
\BOOKMARK [2][-]{subsection.4.1}{\376\377\000C\000o\000m\000p\000u\000t\000a\000t\000i\000o\000n\000\040\000T\000i\000m\000e}{section.4}% 34
\BOOKMARK [2][-]{subsection.4.2}{\376\377\000F\000r\000a\000m\000e\000\040\000R\000a\000t\000e\000\040\000\050\000F\000P\000S\000\051}{section.4}% 35
\BOOKMARK [2][-]{subsection.4.3}{\376\377\000C\000P\000U\000\040\000L\000o\000a\000d\000s}{section.4}% 36
\BOOKMARK [2][-]{subsection.4.4}{\376\377\000M\000e\000m\000o\000r\000y\000\040\000U\000t\000i\000l\000i\000z\000e}{section.4}% 37
\BOOKMARK [2][-]{subsection.4.5}{\376\377\000R\000e\000s\000i\000d\000e\000n\000t\000\040\000M\000e\000m\000o\000r\000y\000\040\000\050\000R\000E\000S\000\051}{section.4}% 38
\BOOKMARK [2][-]{subsection.4.6}{\376\377\000S\000h\000a\000r\000e\000d\000\040\000M\000e\000m\000o\000r\000y\000\040\000\050\000S\000H\000R\000\051}{section.4}% 39
\BOOKMARK [2][-]{subsection.4.7}{\376\377\000V\000i\000r\000t\000u\000a\000l\000\040\000M\000e\000m\000o\000r\000y\000\040\000\050\000V\000I\000R\000T\000\051}{section.4}% 40
\BOOKMARK [1][-]{section.5}{\376\377\000C\000o\000n\000c\000l\000u\000s\000i\000o\000n}{}% 41
