This is pdfTeX, Version 3.141592653-2.6-1.40.27 (MiKTeX 25.4) (preloaded format=pdflatex 2025.7.16)  16 JUL 2025 23:05
entering extended mode
 restricted \write18 enabled.
 file:line:error style messages enabled.
 %&-line parsing enabled.
**c:/Users/denny/Downloads/skripsi-master/skripsi-master/article-journal.tex
(c:/Users/denny/Downloads/skripsi-master/skripsi-master/article-journal.tex
LaTeX2e <2025-06-01> patch level 1
L3 programming layer <2025-07-11>
(lib/journal.cls
Document Class: lib/journal 
(C:\Users\denny\AppData\Local\Programs\MiKTeX\tex/latex/base\article.cls
Document Class: article 2025/01/22 v1.4n Standard LaTeX document class
(C:\Users\denny\AppData\Local\Programs\MiKTeX\tex/latex/base\size10.clo
File: size10.clo 2025/01/22 v1.4n Standard LaTeX file (size option)
)
\c@part=\count275
\c@section=\count276
\c@subsection=\count277
\c@subsubsection=\count278
\c@paragraph=\count279
\c@subparagraph=\count280
\c@figure=\count281
\c@table=\count282
\abovecaptionskip=\skip49
\belowcaptionskip=\skip50
\bibindent=\dimen148
) (C:\Users\denny\AppData\Local\Programs\MiKTeX\tex/latex/blindtext\blindtext.sty
Package: blindtext 2012/01/06 V2.0 blindtext-Package
 (C:\Users\denny\AppData\Local\Programs\MiKTeX\tex/latex/tools\xspace.sty
Package: xspace 2014/10/28 v1.13 Space after command names (DPC,MH)
)
\c@blindtext=\count283
\c@Blindtext=\count284
\c@blind@countparstart=\count285
\blind@countxx=\count286
\blindtext@numBlindtext=\count287
\blind@countyy=\count288
\c@blindlist=\count289
\c@blindlistlevel=\count290
\c@blindlist@level=\count291
\blind@listitem=\count292
\c@blind@listcount=\count293
\c@blind@levelcount=\count294
\blind@mathformula=\count295
\blind@Mathformula=\count296
\c@blind@randomcount=\count297
\c@blind@randommax=\count298
\c@blind@pangramcount=\count299
\c@blind@pangrammax=\count300
) (C:\Users\denny\AppData\Local\Programs\MiKTeX\tex/latex/tools\indentfirst.sty
Package: indentfirst 2023/07/02 v1.03 Indent first paragraph (DPC)
) (C:\Users\denny\AppData\Local\Programs\MiKTeX\tex/latex/base\fontenc.sty
Package: fontenc 2024/12/21 v2.1c Standard LaTeX package
) (C:\Users\denny\AppData\Local\Programs\MiKTeX\tex/latex/microtype\microtype.sty
Package: microtype 2025/07/09 v3.2b Micro-typographical refinements (RS)
 (C:\Users\denny\AppData\Local\Programs\MiKTeX\tex/latex/graphics\keyval.sty
Package: keyval 2022/05/29 v1.15 key=value parser (DPC)
\KV@toks@=\toks17
) (C:\Users\denny\AppData\Local\Programs\MiKTeX\tex/latex/etoolbox\etoolbox.sty
Package: etoolbox 2025/02/11 v2.5l e-TeX tools for LaTeX (JAW)
\etb@tempcnta=\count301
)
\MT@toks=\toks18
\MT@tempbox=\box53
\MT@count=\count302
LaTeX Info: Redefining \noprotrusionifhmode on input line 1087.
LaTeX Info: Redefining \leftprotrusion on input line 1088.
\MT@prot@toks=\toks19
LaTeX Info: Redefining \rightprotrusion on input line 1107.
LaTeX Info: Redefining \textls on input line 1449.
\MT@outer@kern=\dimen149
LaTeX Info: Redefining \microtypecontext on input line 2053.
LaTeX Info: Redefining \textmicrotypecontext on input line 2070.
\MT@listname@count=\count303
 (C:\Users\denny\AppData\Local\Programs\MiKTeX\tex/latex/microtype\microtype-pdftex.def
File: microtype-pdftex.def 2025/07/09 v3.2b Definitions specific to pdftex (RS)
LaTeX Info: Redefining \lsstyle on input line 944.
LaTeX Info: Redefining \lslig on input line 944.
\MT@outer@space=\skip51
)
Package microtype Info: Loading configuration file microtype.cfg.
 (C:\Users\denny\AppData\Local\Programs\MiKTeX\tex/latex/microtype\microtype.cfg
File: microtype.cfg 2025/07/09 v3.2b microtype main configuration file (RS)
)
LaTeX Info: Redefining \microtypesetup on input line 3065.
) (C:\Users\denny\AppData\Local\Programs\MiKTeX\tex/latex/geometry\geometry.sty
Package: geometry 2020/01/02 v5.9 Page Geometry
 (C:\Users\denny\AppData\Local\Programs\MiKTeX\tex/generic/iftex\ifvtex.sty
Package: ifvtex 2019/10/25 v1.7 ifvtex legacy package. Use iftex instead.
 (C:\Users\denny\AppData\Local\Programs\MiKTeX\tex/generic/iftex\iftex.sty
Package: iftex 2024/12/12 v1.0g TeX engine tests
))
\Gm@cnth=\count304
\Gm@cntv=\count305
\c@Gm@tempcnt=\count306
\Gm@bindingoffset=\dimen150
\Gm@wd@mp=\dimen151
\Gm@odd@mp=\dimen152
\Gm@even@mp=\dimen153
\Gm@layoutwidth=\dimen154
\Gm@layoutheight=\dimen155
\Gm@layouthoffset=\dimen156
\Gm@layoutvoffset=\dimen157
\Gm@dimlist=\toks20
 (C:\Users\denny\AppData\Local\Programs\MiKTeX\tex/latex/geometry\geometry.cfg)) (C:\Users\denny\AppData\Local\Programs\MiKTeX\tex/latex/caption\caption.sty
Package: caption 2023/08/05 v3.6o Customizing captions (AR)
 (C:\Users\denny\AppData\Local\Programs\MiKTeX\tex/latex/caption\caption3.sty
Package: caption3 2023/07/31 v2.4d caption3 kernel (AR)
\caption@tempdima=\dimen158
\captionmargin=\dimen159
\caption@leftmargin=\dimen160
\caption@rightmargin=\dimen161
\caption@width=\dimen162
\caption@indent=\dimen163
\caption@parindent=\dimen164
\caption@hangindent=\dimen165
Package caption Info: Standard document class detected.
)
\c@caption@flags=\count307
\c@continuedfloat=\count308
) (C:\Users\denny\AppData\Local\Programs\MiKTeX\tex/latex/booktabs\booktabs.sty
Package: booktabs 2020/01/12 v1.61803398 Publication quality tables
\heavyrulewidth=\dimen166
\lightrulewidth=\dimen167
\cmidrulewidth=\dimen168
\belowrulesep=\dimen169
\belowbottomsep=\dimen170
\aboverulesep=\dimen171
\abovetopsep=\dimen172
\cmidrulesep=\dimen173
\cmidrulekern=\dimen174
\defaultaddspace=\dimen175
\@cmidla=\count309
\@cmidlb=\count310
\@aboverulesep=\dimen176
\@belowrulesep=\dimen177
\@thisruleclass=\count311
\@lastruleclass=\count312
\@thisrulewidth=\dimen178
) (C:\Users\denny\AppData\Local\Programs\MiKTeX\tex/latex/enumitem\enumitem.sty
Package: enumitem 2025/02/06 v3.11 Customized lists
\labelindent=\skip52
\enit@outerparindent=\dimen179
\enit@toks=\toks21
\enit@inbox=\box54
\enit@count@id=\count313
\enitdp@description=\count314
) (C:\Users\denny\AppData\Local\Programs\MiKTeX\tex/latex/abstract\abstract.sty
Package: abstract 2009/06/08 v1.2a configurable abstracts
\abstitleskip=\skip53
\absleftindent=\skip54
\absrightindent=\skip55
\absparindent=\skip56
\absparsep=\skip57
) (C:\Users\denny\AppData\Local\Programs\MiKTeX\tex/latex/fancyhdr\fancyhdr.sty
Package: fancyhdr 2025/02/07 v5.2 Extensive control of page headers and footers
\f@nch@headwidth=\skip58
\f@nch@offset@elh=\skip59
\f@nch@offset@erh=\skip60
\f@nch@offset@olh=\skip61
\f@nch@offset@orh=\skip62
\f@nch@offset@elf=\skip63
\f@nch@offset@erf=\skip64
\f@nch@offset@olf=\skip65
\f@nch@offset@orf=\skip66
\f@nch@height=\skip67
\f@nch@footalignment=\skip68
\f@nch@widthL=\skip69
\f@nch@widthC=\skip70
\f@nch@widthR=\skip71
\@temptokenb=\toks22
) (C:\Users\denny\AppData\Local\Programs\MiKTeX\tex/latex/titling\titling.sty
Package: titling 2009/09/04 v2.1d maketitle typesetting
\thanksmarkwidth=\skip72
\thanksmargin=\skip73
\droptitle=\skip74
) (C:\Users\denny\AppData\Local\Programs\MiKTeX\tex/latex/ragged2e\ragged2e.sty
Package: ragged2e 2023/06/22 v3.6 ragged2e Package
\CenteringLeftskip=\skip75
\RaggedLeftLeftskip=\skip76
\RaggedRightLeftskip=\skip77
\CenteringRightskip=\skip78
\RaggedLeftRightskip=\skip79
\RaggedRightRightskip=\skip80
\CenteringParfillskip=\skip81
\RaggedLeftParfillskip=\skip82
\RaggedRightParfillskip=\skip83
\JustifyingParfillskip=\skip84
\CenteringParindent=\skip85
\RaggedLeftParindent=\skip86
\RaggedRightParindent=\skip87
\JustifyingParindent=\skip88
) (C:\Users\denny\AppData\Local\Programs\MiKTeX\tex/latex/hyphenat\hyphenat.sty
Package: hyphenat 2009/09/02 v2.3c hyphenation utilities
\langwohyphens=\language79
LaTeX Info: Redefining \_ on input line 43.
) (C:\Users\denny\AppData\Local\Programs\MiKTeX\tex/latex/newtx\newtxtext.sty
Package: newtxtext 2024/04/01 v1.744(Michael Sharpe) latex and unicode latex support for TeXGyreTermesX
 `newtxtext' v1.744, 2024/04/01 Text macros taking advantage of TeXGyre Termes and its extensions (msharpe) (C:\Users\denny\AppData\Local\Programs\MiKTeX\tex/latex/xpatch\xpatch.sty (C:\Users\denny\AppData\Local\Programs\MiKTeX\tex/latex/l3kernel\expl3.sty
Package: expl3 2025-07-11 L3 programming layer (loader) 
 (C:\Users\denny\AppData\Local\Programs\MiKTeX\tex/latex/l3backend\l3backend-pdftex.def
File: l3backend-pdftex.def 2025-06-09 L3 backend support: PDF output (pdfTeX)
\l__color_backend_stack_int=\count315
))
Package: xpatch 2020/03/25 v0.3a Extending etoolbox patching commands
 (C:\Users\denny\AppData\Local\Programs\MiKTeX\tex/latex/l3packages/xparse\xparse.sty
Package: xparse 2024-08-16 L3 Experimental document command parser
)) (C:\Users\denny\AppData\Local\Programs\MiKTeX\tex/latex/xcolor\xcolor.sty
Package: xcolor 2024/09/29 v3.02 LaTeX color extensions (UK)
 (C:\Users\denny\AppData\Local\Programs\MiKTeX\tex/latex/graphics-cfg\color.cfg
File: color.cfg 2016/01/02 v1.6 sample color configuration
)
Package xcolor Info: Driver file: pdftex.def on input line 274.
 (C:\Users\denny\AppData\Local\Programs\MiKTeX\tex/latex/graphics-def\pdftex.def
File: pdftex.def 2024/04/13 v1.2c Graphics/color driver for pdftex
) (C:\Users\denny\AppData\Local\Programs\MiKTeX\tex/latex/graphics\mathcolor.ltx)
Package xcolor Info: Model `cmy' substituted by `cmy0' on input line 1349.
Package xcolor Info: Model `hsb' substituted by `rgb' on input line 1353.
Package xcolor Info: Model `RGB' extended on input line 1365.
Package xcolor Info: Model `HTML' substituted by `rgb' on input line 1367.
Package xcolor Info: Model `Hsb' substituted by `hsb' on input line 1368.
Package xcolor Info: Model `tHsb' substituted by `hsb' on input line 1369.
Package xcolor Info: Model `HSB' substituted by `hsb' on input line 1370.
Package xcolor Info: Model `Gray' substituted by `gray' on input line 1371.
Package xcolor Info: Model `wave' substituted by `hsb' on input line 1372.
) (C:\Users\denny\AppData\Local\Programs\MiKTeX\tex/latex/xkeyval\xkeyval.sty
Package: xkeyval 2022/06/16 v2.9 package option processing (HA)
 (C:\Users\denny\AppData\Local\Programs\MiKTeX\tex/generic/xkeyval\xkeyval.tex (C:\Users\denny\AppData\Local\Programs\MiKTeX\tex/generic/xkeyval\xkvutils.tex
\XKV@toks=\toks23
\XKV@tempa@toks=\toks24
)
\XKV@depth=\count316
File: xkeyval.tex 2014/12/03 v2.7a key=value parser (HA)
)) (C:\Users\denny\AppData\Local\Programs\MiKTeX\tex/latex/base\textcomp.sty
Package: textcomp 2024/04/24 v2.1b Standard LaTeX package
) (C:\Users\denny\AppData\Local\Programs\MiKTeX\tex/latex/xstring\xstring.sty (C:\Users\denny\AppData\Local\Programs\MiKTeX\tex/generic/xstring\xstring.tex
\xs_counta=\count317
\xs_countb=\count318
)
Package: xstring 2023/08/22 v1.86 String manipulations (CT)
) (C:\Users\denny\AppData\Local\Programs\MiKTeX\tex/latex/base\ifthen.sty
Package: ifthen 2024/03/16 v1.1e Standard LaTeX ifthen package (DPC)
) (C:\Users\denny\AppData\Local\Programs\MiKTeX\tex/latex/carlisle\scalefnt.sty)
LaTeX Font Info:    Setting ntxLF sub-encoding to TS1/0 on input line 24.
LaTeX Font Info:    Setting ntxTLF sub-encoding to TS1/0 on input line 24.
LaTeX Font Info:    Setting ntxOsF sub-encoding to TS1/0 on input line 24.
LaTeX Font Info:    Setting ntxTOsF sub-encoding to TS1/0 on input line 24.
 (C:\Users\denny\AppData\Local\Programs\MiKTeX\tex/generic/binhex\binhex.tex)
\ntx@tmpcnta=\count319
\ntx@cnt=\count320
 (C:\Users\denny\AppData\Local\Programs\MiKTeX\tex/latex/fontaxes\fontaxes.sty
Package: fontaxes 2025-05-24 v2.0.1 Font selection axes (deprecated)
 (C:\Users\denny\AppData\Local\Programs\MiKTeX\tex/latex/figureversions\figureversions.sty
Package: figureversions 2025-04-29 v1.0.1 Figure versions
))
\tx@sixem=\dimen180
\tx@y=\dimen181
\tx@x=\dimen182
\tx@tmpdima=\dimen183
\tx@tmpdimb=\dimen184
\tx@tmpdimc=\dimen185
\tx@tmpdimd=\dimen186
\tx@tmpdime=\dimen187
\tx@tmpdimf=\dimen188
\tx@dimA=\dimen189
\tx@dimAA=\dimen190
\tx@dimB=\dimen191
\tx@dimBB=\dimen192
\tx@dimC=\dimen193
LaTeX Info: Redefining \oldstylenums on input line 902.
) (C:\Users\denny\AppData\Local\Programs\MiKTeX\tex/latex/newtx\newtxmath.sty
Package: newtxmath 2024/09/22 v1.754
 `newtxmath' v1.754, 2024/09/22 Math macros based originally on txfonts (msharpe) (C:\Users\denny\AppData\Local\Programs\MiKTeX\tex/latex/amsmath\amsmath.sty
Package: amsmath 2025/06/16 v2.17y AMS math features
\@mathmargin=\skip89

For additional information on amsmath, use the `?' option.
(C:\Users\denny\AppData\Local\Programs\MiKTeX\tex/latex/amsmath\amstext.sty
Package: amstext 2024/11/17 v2.01 AMS text
 (C:\Users\denny\AppData\Local\Programs\MiKTeX\tex/latex/amsmath\amsgen.sty
File: amsgen.sty 1999/11/30 v2.0 generic functions
\@emptytoks=\toks25
\ex@=\dimen194
)) (C:\Users\denny\AppData\Local\Programs\MiKTeX\tex/latex/amsmath\amsbsy.sty
Package: amsbsy 1999/11/29 v1.2d Bold Symbols
\pmbraise@=\dimen195
) (C:\Users\denny\AppData\Local\Programs\MiKTeX\tex/latex/amsmath\amsopn.sty
Package: amsopn 2022/04/08 v2.04 operator names
)
\inf@bad=\count321
LaTeX Info: Redefining \frac on input line 233.
\uproot@=\count322
\leftroot@=\count323
LaTeX Info: Redefining \overline on input line 398.
LaTeX Info: Redefining \colon on input line 409.
\classnum@=\count324
\DOTSCASE@=\count325
LaTeX Info: Redefining \ldots on input line 495.
LaTeX Info: Redefining \dots on input line 498.
LaTeX Info: Redefining \cdots on input line 619.
\Mathstrutbox@=\box55
\strutbox@=\box56
LaTeX Info: Redefining \big on input line 721.
LaTeX Info: Redefining \Big on input line 722.
LaTeX Info: Redefining \bigg on input line 723.
LaTeX Info: Redefining \Bigg on input line 724.
\big@size=\dimen196
LaTeX Font Info:    Redeclaring font encoding OML on input line 742.
LaTeX Font Info:    Redeclaring font encoding OMS on input line 743.
\macc@depth=\count326
LaTeX Info: Redefining \bmod on input line 904.
LaTeX Info: Redefining \pmod on input line 909.
LaTeX Info: Redefining \smash on input line 939.
LaTeX Info: Redefining \relbar on input line 969.
LaTeX Info: Redefining \Relbar on input line 970.
\c@MaxMatrixCols=\count327
\dotsspace@=\muskip17
\c@parentequation=\count328
\dspbrk@lvl=\count329
\tag@help=\toks26
\row@=\count330
\column@=\count331
\maxfields@=\count332
\andhelp@=\toks27
\eqnshift@=\dimen197
\alignsep@=\dimen198
\tagshift@=\dimen199
\tagwidth@=\dimen256
\totwidth@=\dimen257
\lineht@=\dimen258
\@envbody=\toks28
\multlinegap=\skip90
\multlinetaggap=\skip91
\mathdisplay@stack=\toks29
LaTeX Info: Redefining \[ on input line 2949.
LaTeX Info: Redefining \] on input line 2950.
) (C:\Users\denny\AppData\Local\Programs\MiKTeX\tex/latex/oberdiek\centernot.sty
Package: centernot 2016/05/16 v1.4 Centers the not symbol horizontally (HO)
)
\tx@cntz=\count333
 (C:\Users\denny\AppData\Local\Programs\MiKTeX\tex/generic/binhex\binhex.tex)
\tx@Isdigit=\count334
\tx@IsAlNum=\count335
\tx@tA=\toks30
\tx@tB=\toks31
\tx@su=\read2

amsthm NOT loaded
LaTeX Font Info:    Redeclaring symbol font `operators' on input line 402.
LaTeX Font Info:    Overwriting symbol font `operators' in version `normal'
(Font)                  OT1/cmr/m/n --> OT1/minntx/m/n on input line 402.
LaTeX Font Info:    Overwriting symbol font `operators' in version `bold'
(Font)                  OT1/cmr/bx/n --> OT1/minntx/m/n on input line 402.
LaTeX Font Info:    Overwriting symbol font `operators' in version `bold'
(Font)                  OT1/minntx/m/n --> OT1/minntx/b/n on input line 403.
LaTeX Font Info:    Redeclaring math alphabet \mathsf on input line 410.
LaTeX Font Info:    Overwriting math alphabet `\mathsf' in version `normal'
(Font)                  OT1/cmss/m/n --> OT1/qhv/m/n on input line 410.
LaTeX Font Info:    Overwriting math alphabet `\mathsf' in version `bold'
(Font)                  OT1/cmss/bx/n --> OT1/qhv/m/n on input line 410.
LaTeX Font Info:    Overwriting math alphabet `\mathsf' in version `bold'
(Font)                  OT1/qhv/m/n --> OT1/qhv/b/n on input line 412.
LaTeX Font Info:    Redeclaring math alphabet \mathit on input line 419.
LaTeX Font Info:    Overwriting math alphabet `\mathit' in version `normal'
(Font)                  OT1/cmr/m/it --> OT1/minntx/m/it on input line 419.
LaTeX Font Info:    Overwriting math alphabet `\mathit' in version `bold'
(Font)                  OT1/cmr/bx/it --> OT1/minntx/m/it on input line 419.
LaTeX Font Info:    Redeclaring math alphabet \mathtt on input line 420.
LaTeX Font Info:    Overwriting math alphabet `\mathtt' in version `normal'
(Font)                  OT1/cmtt/m/n --> T1/ntxtt/m/n on input line 420.
LaTeX Font Info:    Overwriting math alphabet `\mathtt' in version `bold'
(Font)                  OT1/cmtt/m/n --> T1/ntxtt/m/n on input line 420.
LaTeX Font Info:    Redeclaring math alphabet \mathbf on input line 422.
LaTeX Font Info:    Overwriting math alphabet `\mathbf' in version `normal'
(Font)                  OT1/cmr/bx/n --> OT1/minntx/b/n on input line 422.
LaTeX Font Info:    Overwriting math alphabet `\mathbf' in version `bold'
(Font)                  OT1/cmr/bx/n --> OT1/minntx/b/n on input line 422.
LaTeX Font Info:    Overwriting math alphabet `\mathit' in version `bold'
(Font)                  OT1/minntx/m/it --> OT1/minntx/b/it on input line 423.
LaTeX Font Info:    Overwriting math alphabet `\mathtt' in version `bold'
(Font)                  T1/ntxtt/m/n --> T1/ntxtt/b/n on input line 426.
LaTeX Font Info:    Redeclaring symbol font `letters' on input line 534.
LaTeX Font Info:    Overwriting symbol font `letters' in version `normal'
(Font)                  OML/cmm/m/it --> OML/ntxmi/m/it on input line 534.
LaTeX Font Info:    Overwriting symbol font `letters' in version `bold'
(Font)                  OML/cmm/b/it --> OML/ntxmi/m/it on input line 534.
LaTeX Font Info:    Overwriting symbol font `letters' in version `bold'
(Font)                  OML/ntxmi/m/it --> OML/ntxmi/b/it on input line 535.
\symlettersA=\mathgroup4
LaTeX Font Info:    Overwriting symbol font `lettersA' in version `bold'
(Font)                  U/ntxmia/m/it --> U/ntxmia/b/it on input line 582.
Now handling font encoding LMS ...
... no UTF-8 mapping file for font encoding LMS
LaTeX Font Info:    Redeclaring symbol font `symbols' on input line 604.
LaTeX Font Info:    Encoding `OMS' has changed to `LMS' for symbol font
(Font)              `symbols' in the math version `normal' on input line 604.
LaTeX Font Info:    Overwriting symbol font `symbols' in version `normal'
(Font)                  OMS/cmsy/m/n --> LMS/ntxsy/m/n on input line 604.
LaTeX Font Info:    Encoding `OMS' has changed to `LMS' for symbol font
(Font)              `symbols' in the math version `bold' on input line 604.
LaTeX Font Info:    Overwriting symbol font `symbols' in version `bold'
(Font)                  OMS/cmsy/b/n --> LMS/ntxsy/m/n on input line 604.
LaTeX Font Info:    Overwriting symbol font `symbols' in version `bold'
(Font)                  LMS/ntxsy/m/n --> LMS/ntxsy/b/n on input line 605.
\symAMSm=\mathgroup5
LaTeX Font Info:    Overwriting symbol font `AMSm' in version `bold'
(Font)                  U/ntxsym/m/n --> U/ntxsym/b/n on input line 630.
\symsymbolsC=\mathgroup6
LaTeX Font Info:    Overwriting symbol font `symbolsC' in version `bold'
(Font)                  U/ntxsyc/m/n --> U/ntxsyc/b/n on input line 651.
Now handling font encoding LMX ...
... no UTF-8 mapping file for font encoding LMX
LaTeX Font Info:    Redeclaring symbol font `largesymbols' on input line 664.
LaTeX Font Info:    Encoding `OMX' has changed to `LMX' for symbol font
(Font)              `largesymbols' in the math version `normal' on input line 664.
LaTeX Font Info:    Overwriting symbol font `largesymbols' in version `normal'
(Font)                  OMX/cmex/m/n --> LMX/ntxexx/m/n on input line 664.
LaTeX Font Info:    Encoding `OMX' has changed to `LMX' for symbol font
(Font)              `largesymbols' in the math version `bold' on input line 664.
LaTeX Font Info:    Overwriting symbol font `largesymbols' in version `bold'
(Font)                  OMX/cmex/m/n --> LMX/ntxexx/m/n on input line 664.
LaTeX Font Info:    Overwriting symbol font `largesymbols' in version `bold'
(Font)                  LMX/ntxexx/m/n --> LMX/ntxexx/b/n on input line 665.
\symlargesymbolsTXA=\mathgroup7
LaTeX Font Info:    Overwriting symbol font `largesymbolsTXA' in version `bold'
(Font)                  U/ntxexa/m/n --> U/ntxexa/b/n on input line 679.
\tx@sbptoks=\toks32
LaTeX Font Info:    Redeclaring math delimiter \lfloor on input line 902.
LaTeX Font Info:    Redeclaring math delimiter \rfloor on input line 903.
LaTeX Font Info:    Redeclaring math delimiter \lceil on input line 904.
LaTeX Font Info:    Redeclaring math delimiter \rceil on input line 905.
LaTeX Font Info:    Redeclaring math delimiter \lbrace on input line 910.
LaTeX Font Info:    Redeclaring math delimiter \rbrace on input line 911.
LaTeX Font Info:    Redeclaring math delimiter \langle on input line 913.
LaTeX Font Info:    Redeclaring math delimiter \rangle on input line 915.
LaTeX Font Info:    Redeclaring math delimiter \arrowvert on input line 919.
LaTeX Font Info:    Redeclaring math delimiter \vert on input line 920.
LaTeX Font Info:    Redeclaring math symbol \hbar on input line 966.
LaTeX Font Info:    Redeclaring math accent \dot on input line 991.
LaTeX Font Info:    Redeclaring math accent \ddot on input line 992.
LaTeX Font Info:    Redeclaring math accent \vec on input line 2057.
LaTeX Info: Redefining \Bbbk on input line 2847.
LaTeX Info: Redefining \not on input line 2995.
) (C:\Users\denny\AppData\Local\Programs\MiKTeX\tex/latex/graphics\graphicx.sty
Package: graphicx 2024/12/31 v1.2e Enhanced LaTeX Graphics (DPC,SPQR)
 (C:\Users\denny\AppData\Local\Programs\MiKTeX\tex/latex/graphics\graphics.sty
Package: graphics 2024/08/06 v1.4g Standard LaTeX Graphics (DPC,SPQR)
 (C:\Users\denny\AppData\Local\Programs\MiKTeX\tex/latex/graphics\trig.sty
Package: trig 2023/12/02 v1.11 sin cos tan (DPC)
) (C:\Users\denny\AppData\Local\Programs\MiKTeX\tex/latex/graphics-cfg\graphics.cfg
File: graphics.cfg 2016/06/04 v1.11 sample graphics configuration
)
Package graphics Info: Driver file: pdftex.def on input line 106.
)
\Gin@req@height=\dimen259
\Gin@req@width=\dimen260
) (C:\Users\denny\AppData\Local\Programs\MiKTeX\tex/latex/adjustbox\adjustbox.sty
Package: adjustbox 2025/02/26 v1.3c Adjusting TeX boxes (trim, clip, ...)
 (C:\Users\denny\AppData\Local\Programs\MiKTeX\tex/latex/adjustbox\adjcalc.sty
Package: adjcalc 2012/05/16 v1.1 Provides advanced setlength with multiple back-ends (calc, etex, pgfmath)
) (C:\Users\denny\AppData\Local\Programs\MiKTeX\tex/latex/adjustbox\trimclip.sty
Package: trimclip 2025/02/21 v1.2a Trim and clip general TeX material
 (C:\Users\denny\AppData\Local\Programs\MiKTeX\tex/latex/collectbox\collectbox.sty
Package: collectbox 2022/10/17 v0.4c Collect macro arguments as boxes
\collectedbox=\box57
)
\tc@llx=\dimen261
\tc@lly=\dimen262
\tc@urx=\dimen263
\tc@ury=\dimen264
Package trimclip Info: Using driver 'tc-pdftex.def'.
 (C:\Users\denny\AppData\Local\Programs\MiKTeX\tex/latex/adjustbox\tc-pdftex.def
File: tc-pdftex.def 2025/02/26 v2.3 Clipping driver for pdftex
))
\adjbox@Width=\dimen265
\adjbox@Height=\dimen266
\adjbox@Depth=\dimen267
\adjbox@Totalheight=\dimen268
\adjbox@pwidth=\dimen269
\adjbox@pheight=\dimen270
\adjbox@pdepth=\dimen271
\adjbox@ptotalheight=\dimen272
 (C:\Users\denny\AppData\Local\Programs\MiKTeX\tex/latex/ifoddpage\ifoddpage.sty
Package: ifoddpage 2022/10/18 v1.2 Conditionals for odd/even page detection
\c@checkoddpage=\count336
) (C:\Users\denny\AppData\Local\Programs\MiKTeX\tex/latex/varwidth\varwidth.sty
Package: varwidth 2009/03/30 ver 0.92;  Variable-width minipages
\@vwid@box=\box58
\sift@deathcycles=\count337
\@vwid@loff=\dimen273
\@vwid@roff=\dimen274
)
==> First Aid for varwidth.sty applied!
) (C:\Users\denny\AppData\Local\Programs\MiKTeX\tex/latex/colortbl\colortbl.sty
Package: colortbl 2024/10/29 v1.0k Color table columns (DPC)
 (C:\Users\denny\AppData\Local\Programs\MiKTeX\tex/latex/tools\array.sty
Package: array 2025/06/08 v2.6j Tabular extension package (FMi)
\col@sep=\dimen275
\ar@mcellbox=\box59
\extrarowheight=\dimen276
\NC@list=\toks33
\extratabsurround=\skip92
\backup@length=\skip93
\ar@cellbox=\box60
)
\everycr=\toks34
\minrowclearance=\skip94
\rownum=\count338
) (C:\Users\denny\AppData\Local\Programs\MiKTeX\tex/latex/csvsimple\csvsimple.sty
Package: csvsimple 2024/09/27 v2.7.0 LaTeX CSV file processing
) (C:\Users\denny\AppData\Local\Programs\MiKTeX\tex/latex/csvsimple\csvsimple-legacy.sty
Package: csvsimple-legacy 2024/09/27 version 2.7.0 LaTeX2e CSV file processing
 (C:\Users\denny\AppData\Local\Programs\MiKTeX\tex/latex/pgf/utilities\pgfrcs.sty (C:\Users\denny\AppData\Local\Programs\MiKTeX\tex/generic/pgf/utilities\pgfutil-common.tex
\pgfutil@everybye=\toks35
\pgfutil@tempdima=\dimen277
\pgfutil@tempdimb=\dimen278
) (C:\Users\denny\AppData\Local\Programs\MiKTeX\tex/generic/pgf/utilities\pgfutil-latex.def
\pgfutil@abb=\box61
) (C:\Users\denny\AppData\Local\Programs\MiKTeX\tex/generic/pgf/utilities\pgfrcs.code.tex (C:\Users\denny\AppData\Local\Programs\MiKTeX\tex/generic/pgf\pgf.revision.tex)
Package: pgfrcs 2023-01-15 v3.1.10 (3.1.10)
)) (C:\Users\denny\AppData\Local\Programs\MiKTeX\tex/latex/pgf/utilities\pgfkeys.sty (C:\Users\denny\AppData\Local\Programs\MiKTeX\tex/generic/pgf/utilities\pgfkeys.code.tex
\pgfkeys@pathtoks=\toks36
\pgfkeys@temptoks=\toks37
 (C:\Users\denny\AppData\Local\Programs\MiKTeX\tex/generic/pgf/utilities\pgfkeyslibraryfiltered.code.tex
\pgfkeys@tmptoks=\toks38
))) (C:\Users\denny\AppData\Local\Programs\MiKTeX\tex/latex/tools\shellesc.sty
Package: shellesc 2023/07/08 v1.0d unified shell escape interface for LaTeX
Package shellesc Info: Restricted shell escape enabled on input line 77.
)
\csv@file=\read3
\c@csvinputline=\count339
\c@csvrow=\count340
\c@csvcol=\count341
\csv@out=\write3
) (C:\Users\denny\AppData\Local\Programs\MiKTeX\tex/latex/hyperref\hyperref.sty
Package: hyperref 2025-07-12 v7.01o Hypertext links for LaTeX
 (C:\Users\denny\AppData\Local\Programs\MiKTeX\tex/latex/kvsetkeys\kvsetkeys.sty
Package: kvsetkeys 2022-10-05 v1.19 Key value parser (HO)
) (C:\Users\denny\AppData\Local\Programs\MiKTeX\tex/generic/kvdefinekeys\kvdefinekeys.sty
Package: kvdefinekeys 2019-12-19 v1.6 Define keys (HO)
) (C:\Users\denny\AppData\Local\Programs\MiKTeX\tex/generic/pdfescape\pdfescape.sty
Package: pdfescape 2019/12/09 v1.15 Implements pdfTeX's escape features (HO)
 (C:\Users\denny\AppData\Local\Programs\MiKTeX\tex/generic/ltxcmds\ltxcmds.sty
Package: ltxcmds 2023-12-04 v1.26 LaTeX kernel commands for general use (HO)
) (C:\Users\denny\AppData\Local\Programs\MiKTeX\tex/generic/pdftexcmds\pdftexcmds.sty
Package: pdftexcmds 2020-06-27 v0.33 Utility functions of pdfTeX for LuaTeX (HO)
 (C:\Users\denny\AppData\Local\Programs\MiKTeX\tex/generic/infwarerr\infwarerr.sty
Package: infwarerr 2019/12/03 v1.5 Providing info/warning/error messages (HO)
)
Package pdftexcmds Info: \pdf@primitive is available.
Package pdftexcmds Info: \pdf@ifprimitive is available.
Package pdftexcmds Info: \pdfdraftmode found.
)) (C:\Users\denny\AppData\Local\Programs\MiKTeX\tex/latex/hycolor\hycolor.sty
Package: hycolor 2020-01-27 v1.10 Color options for hyperref/bookmark (HO)
) (C:\Users\denny\AppData\Local\Programs\MiKTeX\tex/latex/hyperref\nameref.sty
Package: nameref 2025-06-21 v2.57 Cross-referencing by name of section
 (C:\Users\denny\AppData\Local\Programs\MiKTeX\tex/latex/refcount\refcount.sty
Package: refcount 2019/12/15 v3.6 Data extraction from label references (HO)
) (C:\Users\denny\AppData\Local\Programs\MiKTeX\tex/generic/gettitlestring\gettitlestring.sty
Package: gettitlestring 2019/12/15 v1.6 Cleanup title references (HO)
 (C:\Users\denny\AppData\Local\Programs\MiKTeX\tex/latex/kvoptions\kvoptions.sty
Package: kvoptions 2022-06-15 v3.15 Key value format for package options (HO)
))
\c@section@level=\count342
) (C:\Users\denny\AppData\Local\Programs\MiKTeX\tex/generic/stringenc\stringenc.sty
Package: stringenc 2019/11/29 v1.12 Convert strings between diff. encodings (HO)
)
\@linkdim=\dimen279
\Hy@linkcounter=\count343
\Hy@pagecounter=\count344
 (C:\Users\denny\AppData\Local\Programs\MiKTeX\tex/latex/hyperref\pd1enc.def
File: pd1enc.def 2025-07-12 v7.01o Hyperref: PDFDocEncoding definition (HO)
Now handling font encoding PD1 ...
... no UTF-8 mapping file for font encoding PD1
) (C:\Users\denny\AppData\Local\Programs\MiKTeX\tex/generic/intcalc\intcalc.sty
Package: intcalc 2019/12/15 v1.3 Expandable calculations with integers (HO)
)
\Hy@SavedSpaceFactor=\count345
 (C:\Users\denny\AppData\Local\Programs\MiKTeX\tex/latex/hyperref\puenc.def
File: puenc.def 2025-07-12 v7.01o Hyperref: PDF Unicode definition (HO)
Now handling font encoding PU ...
... no UTF-8 mapping file for font encoding PU
)
Package hyperref Info: Option `bookmarks' set `true' on input line 4066.
Package hyperref Info: Hyper figures OFF on input line 4195.
Package hyperref Info: Link nesting OFF on input line 4200.
Package hyperref Info: Hyper index ON on input line 4203.
Package hyperref Info: Plain pages OFF on input line 4210.
Package hyperref Info: Backreferencing OFF on input line 4215.
Package hyperref Info: Implicit mode ON; LaTeX internals redefined.
Package hyperref Info: Bookmarks ON on input line 4462.
\c@Hy@tempcnt=\count346
 (C:\Users\denny\AppData\Local\Programs\MiKTeX\tex/latex/url\url.sty
\Urlmuskip=\muskip18
Package: url 2013/09/16  ver 3.4  Verb mode for urls, etc.
)
LaTeX Info: Redefining \url on input line 4801.
\XeTeXLinkMargin=\dimen280
 (C:\Users\denny\AppData\Local\Programs\MiKTeX\tex/generic/bitset\bitset.sty
Package: bitset 2019/12/09 v1.3 Handle bit-vector datatype (HO)
 (C:\Users\denny\AppData\Local\Programs\MiKTeX\tex/generic/bigintcalc\bigintcalc.sty
Package: bigintcalc 2019/12/15 v1.5 Expandable calculations on big integers (HO)
))
\Fld@menulength=\count347
\Field@Width=\dimen281
\Fld@charsize=\dimen282
Package hyperref Info: Hyper figures OFF on input line 6078.
Package hyperref Info: Link nesting OFF on input line 6083.
Package hyperref Info: Hyper index ON on input line 6086.
Package hyperref Info: backreferencing OFF on input line 6093.
Package hyperref Info: Link coloring OFF on input line 6098.
Package hyperref Info: Link coloring with OCG OFF on input line 6103.
Package hyperref Info: PDF/A mode OFF on input line 6108.
\Hy@abspage=\count348
\c@Item=\count349
\c@Hfootnote=\count350
)
Package hyperref Info: Driver: hpdftex.
 (C:\Users\denny\AppData\Local\Programs\MiKTeX\tex/latex/hyperref\hpdftex.def
File: hpdftex.def 2025-07-12 v7.01o Hyperref driver for pdfTeX
\Fld@listcount=\count351
\c@bookmark@seq@number=\count352
 (C:\Users\denny\AppData\Local\Programs\MiKTeX\tex/latex/rerunfilecheck\rerunfilecheck.sty
Package: rerunfilecheck 2025-06-21 v1.11 Rerun checks for auxiliary files (HO)
 (C:\Users\denny\AppData\Local\Programs\MiKTeX\tex/generic/uniquecounter\uniquecounter.sty
Package: uniquecounter 2019/12/15 v1.4 Provide unlimited unique counter (HO)
)
Package uniquecounter Info: New unique counter `rerunfilecheck' on input line 284.
)
\Hy@SectionHShift=\skip95
) (C:\Users\denny\AppData\Local\Programs\MiKTeX\tex/latex/chngcntr\chngcntr.sty
Package: chngcntr 2018/04/09 v1.1a change counter resetting
Package chngcntr Info: \counterwithout already defined.
(chngcntr)             Quitting chngcntr on input line 21.
) (C:\Users\denny\AppData\Local\Programs\MiKTeX\tex/latex/listings\listings.sty
\lst@mode=\count353
\lst@gtempboxa=\box62
\lst@token=\toks39
\lst@length=\count354
\lst@currlwidth=\dimen283
\lst@column=\count355
\lst@pos=\count356
\lst@lostspace=\dimen284
\lst@width=\dimen285
\lst@newlines=\count357
\lst@lineno=\count358
\lst@maxwidth=\dimen286
 (C:\Users\denny\AppData\Local\Programs\MiKTeX\tex/latex/listings\lstpatch.sty
File: lstpatch.sty 2024/09/23 1.10c (Carsten Heinz)
) (C:\Users\denny\AppData\Local\Programs\MiKTeX\tex/latex/listings\lstmisc.sty
File: lstmisc.sty 2024/09/23 1.10c (Carsten Heinz)
\c@lstnumber=\count359
\lst@skipnumbers=\count360
\lst@framebox=\box63
) (C:\Users\denny\AppData\Local\Programs\MiKTeX\tex/latex/listings\listings.cfg
File: listings.cfg 2024/09/23 1.10c listings configuration
))
Package: listings 2024/09/23 1.10c (Carsten Heinz)
 (C:\Users\denny\AppData\Local\Programs\MiKTeX\tex/latex/float\float.sty
Package: float 2001/11/08 v1.3d Float enhancements (AL)
\c@float@type=\count361
\float@exts=\toks40
\float@box=\box64
\@float@everytoks=\toks41
\@floatcapt=\box65
) (C:\Users\denny\AppData\Local\Programs\MiKTeX\tex/latex/biblatex\biblatex.sty
Package: biblatex 2025/07/10 v3.21 programmable bibliographies (PK/MW)
 (C:\Users\denny\AppData\Local\Programs\MiKTeX\tex/latex/logreq\logreq.sty
Package: logreq 2010/08/04 v1.0 xml request logger
\lrq@indent=\count362
 (C:\Users\denny\AppData\Local\Programs\MiKTeX\tex/latex/logreq\logreq.def
File: logreq.def 2010/08/04 v1.0 logreq spec v1.0
))
\c@tabx@nest=\count363
\c@listtotal=\count364
\c@listcount=\count365
\c@liststart=\count366
\c@liststop=\count367
\c@citecount=\count368
\c@citetotal=\count369
\c@multicitecount=\count370
\c@multicitetotal=\count371
\c@instcount=\count372
\c@maxnames=\count373
\c@minnames=\count374
\c@maxitems=\count375
\c@minitems=\count376
\c@citecounter=\count377
\c@maxcitecounter=\count378
\c@savedcitecounter=\count379
\c@uniquelist=\count380
\c@uniquename=\count381
\c@refsection=\count382
\c@refsegment=\count383
\c@maxextratitle=\count384
\c@maxextratitleyear=\count385
\c@maxextraname=\count386
\c@maxextradate=\count387
\c@maxextraalpha=\count388
\c@abbrvpenalty=\count389
\c@highnamepenalty=\count390
\c@lownamepenalty=\count391
\c@maxparens=\count392
\c@parenlevel=\count393
\blx@tempcnta=\count394
\blx@tempcntb=\count395
\blx@tempcntc=\count396
\c@blx@maxsection=\count397
\blx@maxsegment@0=\count398
\blx@notetype=\count399
\blx@parenlevel@text=\count400
\blx@parenlevel@foot=\count401
\blx@sectionciteorder@0=\count402
\blx@sectionciteorderinternal@0=\count403
\blx@entrysetcounter=\count404
\blx@biblioinstance=\count405
\labelnumberwidth=\skip96
\labelalphawidth=\skip97
\biblabelsep=\skip98
\bibitemsep=\skip99
\bibnamesep=\skip100
\bibinitsep=\skip101
\bibparsep=\skip102
\bibhang=\skip103
\blx@bcfin=\read4
\blx@bcfout=\write4
\blx@langwohyphens=\language80
\c@mincomprange=\count406
\c@maxcomprange=\count407
\c@mincompwidth=\count408
Package biblatex Info: Trying to load biblatex default data model...
Package biblatex Info: ... file 'blx-dm.def' found.
 (C:\Users\denny\AppData\Local\Programs\MiKTeX\tex/latex/biblatex\blx-dm.def
File: blx-dm.def 2025/07/10 v3.21 biblatex datamodel (PK/MW)
)
Package biblatex Info: Trying to load biblatex style data model...
Package biblatex Info: ... file 'numeric.dbx' not found.
Package biblatex Info: Trying to load biblatex custom data model...
Package biblatex Info: ... file 'biblatex-dm.cfg' not found.
\c@afterword=\count409
\c@savedafterword=\count410
\c@annotator=\count411
\c@savedannotator=\count412
\c@author=\count413
\c@savedauthor=\count414
\c@bookauthor=\count415
\c@savedbookauthor=\count416
\c@commentator=\count417
\c@savedcommentator=\count418
\c@editor=\count419
\c@savededitor=\count420
\c@editora=\count421
\c@savededitora=\count422
\c@editorb=\count423
\c@savededitorb=\count424
\c@editorc=\count425
\c@savededitorc=\count426
\c@foreword=\count427
\c@savedforeword=\count428
\c@holder=\count429
\c@savedholder=\count430
\c@introduction=\count431
\c@savedintroduction=\count432
\c@namea=\count433
\c@savednamea=\count434
\c@nameb=\count435
\c@savednameb=\count436
\c@namec=\count437
\c@savednamec=\count438
\c@translator=\count439
\c@savedtranslator=\count440
\c@shortauthor=\count441
\c@savedshortauthor=\count442
\c@shorteditor=\count443
\c@savedshorteditor=\count444
\c@labelname=\count445
\c@savedlabelname=\count446
\c@institution=\count447
\c@savedinstitution=\count448
\c@lista=\count449
\c@savedlista=\count450
\c@listb=\count451
\c@savedlistb=\count452
\c@listc=\count453
\c@savedlistc=\count454
\c@listd=\count455
\c@savedlistd=\count456
\c@liste=\count457
\c@savedliste=\count458
\c@listf=\count459
\c@savedlistf=\count460
\c@location=\count461
\c@savedlocation=\count462
\c@organization=\count463
\c@savedorganization=\count464
\c@origlocation=\count465
\c@savedoriglocation=\count466
\c@origpublisher=\count467
\c@savedorigpublisher=\count468
\c@publisher=\count469
\c@savedpublisher=\count470
\c@language=\count471
\c@savedlanguage=\count472
\c@origlanguage=\count473
\c@savedoriglanguage=\count474
\c@pageref=\count475
\c@savedpageref=\count476
\shorthandwidth=\skip104
\shortjournalwidth=\skip105
\shortserieswidth=\skip106
\shorttitlewidth=\skip107
\shortauthorwidth=\skip108
\shorteditorwidth=\skip109
\locallabelnumberwidth=\skip110
\locallabelalphawidth=\skip111
\localshorthandwidth=\skip112
\localshortjournalwidth=\skip113
\localshortserieswidth=\skip114
\localshorttitlewidth=\skip115
\localshortauthorwidth=\skip116
\localshorteditorwidth=\skip117
Package biblatex Info: Trying to load compatibility code...
Package biblatex Info: ... file 'blx-compat.def' found.
 (C:\Users\denny\AppData\Local\Programs\MiKTeX\tex/latex/biblatex\blx-compat.def
File: blx-compat.def 2025/07/10 v3.21 biblatex compatibility (PK/MW)
)
Package biblatex Info: Trying to load generic definitions...
Package biblatex Info: ... file 'biblatex.def' found.
 (C:\Users\denny\AppData\Local\Programs\MiKTeX\tex/latex/biblatex\biblatex.def
File: biblatex.def 2025/07/10 v3.21 biblatex compatibility (PK/MW)
\c@textcitecount=\count477
\c@textcitetotal=\count478
\c@textcitemaxnames=\count479
\c@biburlbigbreakpenalty=\count480
\c@biburlbreakpenalty=\count481
\c@biburlnumpenalty=\count482
\c@biburlucpenalty=\count483
\c@biburllcpenalty=\count484
\biburlbigskip=\muskip19
\biburlnumskip=\muskip20
\biburlucskip=\muskip21
\biburllcskip=\muskip22
\c@smartand=\count485
)
Package biblatex Info: Trying to load bibliography style 'numeric'...
Package biblatex Info: ... file 'numeric.bbx' found.
 (C:\Users\denny\AppData\Local\Programs\MiKTeX\tex/latex/biblatex/bbx\numeric.bbx
File: numeric.bbx 2025/07/10 v3.21 biblatex bibliography style (PK/MW)
Package biblatex Info: Trying to load bibliography style 'standard'...
Package biblatex Info: ... file 'standard.bbx' found.
 (C:\Users\denny\AppData\Local\Programs\MiKTeX\tex/latex/biblatex/bbx\standard.bbx
File: standard.bbx 2025/07/10 v3.21 biblatex bibliography style (PK/MW)
\c@bbx:relatedcount=\count486
\c@bbx:relatedtotal=\count487
))
Package biblatex Info: Trying to load citation style 'numeric'...
Package biblatex Info: ... file 'numeric.cbx' found.
 (C:\Users\denny\AppData\Local\Programs\MiKTeX\tex/latex/biblatex/cbx\numeric.cbx
File: numeric.cbx 2025/07/10 v3.21 biblatex citation style (PK/MW)
Package biblatex Info: Redefining '\cite'.
Package biblatex Info: Redefining '\parencite'.
Package biblatex Info: Redefining '\footcite'.
Package biblatex Info: Redefining '\footcitetext'.
Package biblatex Info: Redefining '\smartcite'.
Package biblatex Info: Redefining '\supercite'.
Package biblatex Info: Redefining '\textcite'.
Package biblatex Info: Redefining '\textcites'.
Package biblatex Info: Redefining '\cites'.
Package biblatex Info: Redefining '\parencites'.
Package biblatex Info: Redefining '\smartcites'.
)
Package biblatex Info: Trying to load configuration file...
Package biblatex Info: ... file 'biblatex.cfg' found.
 (C:\Users\denny\AppData\Local\Programs\MiKTeX\tex/latex/biblatex\biblatex.cfg
File: biblatex.cfg 
)
Package biblatex Info: Input encoding 'utf8' detected.
Package biblatex Info: Document encoding is UTF8 ....
Package biblatex Info: ... and expl3
(biblatex)             2025-07-11 L3 programming layer (loader) 
(biblatex)             is new enough (at least 2020/04/06),
(biblatex)             setting 'casechanger=expl3'.
 (C:\Users\denny\AppData\Local\Programs\MiKTeX\tex/latex/biblatex\blx-case-expl3.sty
Package: blx-case-expl3 2025/07/10 v3.21 expl3 case changing code for biblatex
)) (C:\Users\denny\AppData\Local\Programs\MiKTeX\tex/latex/titlesec\titlesec.sty
Package: titlesec 2025/01/04 v2.17 Sectioning titles
\ttl@box=\box66
\beforetitleunit=\skip118
\aftertitleunit=\skip119
\ttl@plus=\dimen287
\ttl@minus=\dimen288
\ttl@toksa=\toks42
\titlewidth=\dimen289
\titlewidthlast=\dimen290
\titlewidthfirst=\dimen291
)) (C:\Users\denny\AppData\Local\Programs\MiKTeX\tex/latex/tools\multicol.sty
Package: multicol 2025/05/25 v2.0a multicolumn formatting (FMi)
\c@tracingmulticols=\count488
\mult@box=\box67
\multicol@leftmargin=\dimen292
\c@unbalance=\count489
\c@collectmore=\count490
\doublecol@number=\count491
\multicoltolerance=\count492
\multicolpretolerance=\count493
\full@width=\dimen293
\page@free=\dimen294
\premulticols=\dimen295
\postmulticols=\dimen296
\multicolsep=\skip120
\multicolbaselineskip=\skip121
\partial@page=\box68
\last@line=\box69
\mc@boxedresult=\box70
\maxbalancingoverflow=\dimen297
\mult@rightbox=\box71
\mult@grightbox=\box72
\mult@firstbox=\box73
\mult@gfirstbox=\box74
\@tempa=\box75
\@tempa=\box76
\@tempa=\box77
\@tempa=\box78
\@tempa=\box79
\@tempa=\box80
\@tempa=\box81
\@tempa=\box82
\@tempa=\box83
\@tempa=\box84
\@tempa=\box85
\@tempa=\box86
\@tempa=\box87
\@tempa=\box88
\@tempa=\box89
\@tempa=\box90
\@tempa=\box91
\@tempa=\box92
\@tempa=\box93
\@tempa=\box94
\@tempa=\box95
\@tempa=\box96
\@tempa=\box97
\@tempa=\box98
\@tempa=\box99
\@tempa=\box100
\@tempa=\box101
\@tempa=\box102
\@tempa=\box103
\@tempa=\box104
\@tempa=\box105
\@tempa=\box106
\@tempa=\box107
\@tempa=\box108
\@tempa=\box109
\@tempa=\box110
\c@minrows=\count494
\c@columnbadness=\count495
\c@finalcolumnbadness=\count496
\last@try=\dimen298
\multicolovershoot=\dimen299
\multicolundershoot=\dimen300
\mult@nat@firstbox=\box111
\colbreak@box=\box112
\mc@col@check@num=\count497
\g__mc_curr_col_int=\count498
)
LaTeX Font Info:    Trying to load font information for T1+ntxtlf on input line 55.
 (C:\Users\denny\AppData\Local\Programs\MiKTeX\tex/latex/newtx\t1ntxtlf.fd
File: t1ntxtlf.fd 2021/05/24 v1.1 font definition file for T1/ntx/tlf
)
LaTeX Font Info:    Font shape `T1/ntxtlf/m/n' will be
(Font)              scaled to size 10.0pt on input line 55.
\@quotelevel=\count499
\@quotereset=\count500
 (article-journal.aux)
\openout1 = `article-journal.aux'.

LaTeX Font Info:    Checking defaults for OML/ntxmi/m/it on input line 55.
LaTeX Font Info:    Trying to load font information for OML+ntxmi on input line 55.
 (C:\Users\denny\AppData\Local\Programs\MiKTeX\tex/latex/newtx\omlntxmi.fd
File: omlntxmi.fd 2015/08/25 Fontinst v1.933 font definitions for OML/ntxmi.
)
LaTeX Font Info:    ... okay on input line 55.
LaTeX Font Info:    Checking defaults for OMS/cmsy/m/n on input line 55.
LaTeX Font Info:    ... okay on input line 55.
LaTeX Font Info:    Checking defaults for OT1/cmr/m/n on input line 55.
LaTeX Font Info:    ... okay on input line 55.
LaTeX Font Info:    Checking defaults for T1/cmr/m/n on input line 55.
LaTeX Font Info:    ... okay on input line 55.
LaTeX Font Info:    Checking defaults for TS1/cmr/m/n on input line 55.
LaTeX Font Info:    ... okay on input line 55.
LaTeX Font Info:    Checking defaults for OMX/cmex/m/n on input line 55.
LaTeX Font Info:    ... okay on input line 55.
LaTeX Font Info:    Checking defaults for U/ntxexa/m/n on input line 55.
LaTeX Font Info:    Trying to load font information for U+ntxexa on input line 55.
 (C:\Users\denny\AppData\Local\Programs\MiKTeX\tex/latex/newtx\untxexa.fd
File: untxexa.fd 2012/04/16 Fontinst v1.933 font definitions for U/ntxexa.
)
LaTeX Font Info:    ... okay on input line 55.
LaTeX Font Info:    Checking defaults for LMS/ntxsy/m/n on input line 55.
LaTeX Font Info:    Trying to load font information for LMS+ntxsy on input line 55.
 (C:\Users\denny\AppData\Local\Programs\MiKTeX\tex/latex/newtx\lmsntxsy.fd
File: lmsntxsy.fd 2016/07/02 Fontinst v1.933 font definitions for LMS/ntxsy.
)
LaTeX Font Info:    ... okay on input line 55.
LaTeX Font Info:    Checking defaults for LMX/ntxexx/m/n on input line 55.
LaTeX Font Info:    Trying to load font information for LMX+ntxexx on input line 55.
 (C:\Users\denny\AppData\Local\Programs\MiKTeX\tex/latex/newtx\lmxntxexx.fd
File: lmxntxexx.fd 2016/07/03 Fontinst v1.933 font definitions for LMX/ntxexx.
)
LaTeX Font Info:    ... okay on input line 55.
LaTeX Font Info:    Checking defaults for PD1/pdf/m/n on input line 55.
LaTeX Font Info:    ... okay on input line 55.
LaTeX Font Info:    Checking defaults for PU/pdf/m/n on input line 55.
LaTeX Font Info:    ... okay on input line 55.
Package microtype Info: Patching varwidth to enable character protrusion.
\MT@vwid@leftmargin=\dimen301
\MT@vwid@rightmargin=\dimen302
LaTeX Info: Redefining \microtypecontext on input line 55.
Package microtype Info: Applying patch `item' on input line 55.
Package microtype Info: Applying patch `toc' on input line 55.
Package microtype Info: Applying patch `eqnum' on input line 55.
Package microtype Info: Applying patch `footnote' on input line 55.
Package microtype Info: Applying patch `verbatim' on input line 55.
LaTeX Info: Redefining \microtypesetup on input line 55.
Package microtype Info: Generating PDF output.
Package microtype Info: Character protrusion enabled (level 2).
Package microtype Info: Using default protrusion set `alltext'.
Package microtype Info: Automatic font expansion enabled (level 2),
(microtype)             stretch: 20, shrink: 20, step: 1, non-selected.
Package microtype Info: Using default expansion set `alltext-nott'.
Package microtype Info: Patching command `\showhyphens'.
Package microtype Info: No adjustment of tracking.
Package microtype Info: No adjustment of interword spacing.
Package microtype Info: No adjustment of character kerning.
 (C:\Users\denny\AppData\Local\Programs\MiKTeX\tex/latex/microtype\mt-ptm.cfg
File: mt-ptm.cfg 2006/04/20 v1.7 microtype config. file: Times (RS)
)
*geometry* driver: auto-detecting
*geometry* detected driver: pdftex
*geometry* verbose mode - [ preamble ] result:
* driver: pdftex
* paper: <default>
* layout: <same size as paper>
* layoutoffset:(h,v)=(0.0pt,0.0pt)
* hratio: 1:1
* modes: twoside 
* h-part:(L,W,R)=(71.13188pt, 455.24411pt, 71.13188pt)
* v-part:(T,H,B)=(91.04881pt, 652.59138pt, 101.40665pt)
* \paperwidth=597.50787pt
* \paperheight=845.04684pt
* \textwidth=455.24411pt
* \textheight=652.59138pt
* \oddsidemargin=-1.1381pt
* \evensidemargin=-1.1381pt
* \topmargin=-18.22118pt
* \headheight=12.0pt
* \headsep=25.0pt
* \topskip=10.0pt
* \footskip=30.0pt
* \marginparwidth=48.0pt
* \marginparsep=10.0pt
* \columnsep=20.0pt
* \skip\footins=9.0pt plus 4.0pt minus 2.0pt
* \hoffset=0.0pt
* \voffset=0.0pt
* \mag=1000
* \@twocolumntrue
* \@twosidetrue
* \@mparswitchtrue
* \@reversemarginfalse
* (1in=72.27pt=25.4mm, 1cm=28.453pt)

Package caption Info: Begin \AtBeginDocument code.
Package caption Info: float package is loaded.
Package caption Info: hyperref package is loaded.
Package caption Info: listings package is loaded.
Package caption Info: End \AtBeginDocument code.
(C:\Users\denny\AppData\Local\Programs\MiKTeX\tex/context/base/mkii\supp-pdf.mkii
[Loading MPS to PDF converter (version 2006.09.02).]
\scratchcounter=\count501
\scratchdimen=\dimen303
\scratchbox=\box113
\nofMPsegments=\count502
\nofMParguments=\count503
\everyMPshowfont=\toks43
\MPscratchCnt=\count504
\MPscratchDim=\dimen304
\MPnumerator=\count505
\makeMPintoPDFobject=\count506
\everyMPtoPDFconversion=\toks44
) (C:\Users\denny\AppData\Local\Programs\MiKTeX\tex/latex/epstopdf-pkg\epstopdf-base.sty
Package: epstopdf-base 2020-01-24 v2.11 Base part for package epstopdf
Package epstopdf-base Info: Redefining graphics rule for `.eps' on input line 485.
 (C:\Users\denny\AppData\Local\Programs\MiKTeX\tex/latex/00miktex\epstopdf-sys.cfg
File: epstopdf-sys.cfg 2021/03/18 v2.0 Configuration of epstopdf for MiKTeX
))
\c@mv@tabular=\count507
\c@mv@boldtabular=\count508
LaTeX Info: Command `\dddot' is already robust on input line 55.
LaTeX Info: Command `\ddddot' is already robust on input line 55.
Package hyperref Info: Link coloring OFF on input line 55.
 (article-journal.out) (article-journal.out)
\@outlinefile=\write5
\openout5 = `article-journal.out'.

\c@lstlisting=\count509
Package biblatex Info: Trying to load language 'english'...
Package biblatex Info: ... file 'english.lbx' found.
 (C:\Users\denny\AppData\Local\Programs\MiKTeX\tex/latex/biblatex/lbx\english.lbx
File: english.lbx 2025/07/10 v3.21 biblatex localization (PK/MW)
)
Package biblatex Info: Input encoding 'utf8' detected.
Package biblatex Info: Automatic encoding selection.
(biblatex)             Assuming data encoding 'utf8'.
\openout4 = `article-journal.bcf'.

Package biblatex Info: Trying to load bibliographic data...
Package biblatex Info: ... file 'article-journal.bbl' found.
 (article-journal.bbl)
Package biblatex Info: Reference section=0 on input line 55.
Package biblatex Info: Reference segment=0 on input line 55.
LaTeX Font Info:    Font shape `T1/ntxtlf/m/n' will be
(Font)              scaled to size 24.88pt on input line 58.
LaTeX Font Info:    Font shape `T1/ntxtlf/b/n' will be
(Font)              scaled to size 24.88pt on input line 58.
LaTeX Font Info:    Font shape `T1/ntxtlf/b/n' will be
(Font)              scaled to size 14.4pt on input line 58.
LaTeX Font Info:    Font shape `T1/ntxtlf/m/n' will be
(Font)              scaled to size 12.0pt on input line 58.
LaTeX Font Info:    Trying to load font information for OT1+minntx on input line 58.
 (C:\Users\denny\AppData\Local\Programs\MiKTeX\tex/latex/newtx\ot1minntx.fd
File: ot1minntx.fd 2023/09/09 v1.1 font definition file for OT1/minntx
)
LaTeX Font Info:    Font shape `OT1/minntx/m/n' will be
(Font)              scaled to size 12.0pt on input line 58.
Package microtype Info: Loading generic protrusion settings for font family
(microtype)             `minntx' (encoding: OT1).
(microtype)             For optimal results, create family-specific settings.
(microtype)             See the microtype manual for details.
LaTeX Font Info:    Font shape `OT1/minntx/m/n' will be
(Font)              scaled to size 8.8pt on input line 58.
LaTeX Font Info:    Font shape `OT1/minntx/m/n' will be
(Font)              scaled to size 6.6pt on input line 58.
LaTeX Font Info:    Font shape `OML/ntxmi/m/it' will be
(Font)              scaled to size 12.0pt on input line 58.
LaTeX Font Info:    Font shape `OML/ntxmi/m/it' will be
(Font)              scaled to size 8.8pt on input line 58.
LaTeX Font Info:    Font shape `OML/ntxmi/m/it' will be
(Font)              scaled to size 6.6pt on input line 58.
LaTeX Font Info:    Font shape `LMS/ntxsy/m/n' will be
(Font)              scaled to size 12.0pt on input line 58.
LaTeX Font Info:    Font shape `LMS/ntxsy/m/n' will be
(Font)              scaled to size 8.8pt on input line 58.
LaTeX Font Info:    Font shape `LMS/ntxsy/m/n' will be
(Font)              scaled to size 6.6pt on input line 58.
LaTeX Font Info:    Font shape `LMX/ntxexx/m/n' will be
(Font)              scaled to size 12.0pt on input line 58.
LaTeX Font Info:    Font shape `LMX/ntxexx/m/n' will be
(Font)              scaled to size 8.8pt on input line 58.
LaTeX Font Info:    Font shape `LMX/ntxexx/m/n' will be
(Font)              scaled to size 6.6pt on input line 58.
LaTeX Font Info:    Trying to load font information for U+ntxmia on input line 58.
 (C:\Users\denny\AppData\Local\Programs\MiKTeX\tex/latex/newtx\untxmia.fd
File: untxmia.fd 2024/04/09 Fontinst v1.933 font definitions for U/ntxmia.
)
LaTeX Font Info:    Font shape `U/ntxmia/m/it' will be
(Font)              scaled to size 12.0pt on input line 58.
LaTeX Font Info:    Font shape `U/ntxmia/m/it' will be
(Font)              scaled to size 8.8pt on input line 58.
LaTeX Font Info:    Font shape `U/ntxmia/m/it' will be
(Font)              scaled to size 6.6pt on input line 58.
LaTeX Font Info:    Trying to load font information for U+ntxsym on input line 58.
 (C:\Users\denny\AppData\Local\Programs\MiKTeX\tex/latex/newtx\untxsym.fd
File: untxsym.fd 2023/08/16 Fontinst v1.933 font definitions for U/ntxsym.
)
LaTeX Font Info:    Font shape `U/ntxsym/m/n' will be
(Font)              scaled to size 12.0pt on input line 58.
LaTeX Font Info:    Font shape `U/ntxsym/m/n' will be
(Font)              scaled to size 8.8pt on input line 58.
LaTeX Font Info:    Font shape `U/ntxsym/m/n' will be
(Font)              scaled to size 6.6pt on input line 58.
LaTeX Font Info:    Trying to load font information for U+ntxsyc on input line 58.
 (C:\Users\denny\AppData\Local\Programs\MiKTeX\tex/latex/newtx\untxsyc.fd
File: untxsyc.fd 2012/04/12 Fontinst v1.933 font definitions for U/ntxsyc.
)
LaTeX Font Info:    Font shape `U/ntxsyc/m/n' will be
(Font)              scaled to size 12.0pt on input line 58.
LaTeX Font Info:    Font shape `U/ntxsyc/m/n' will be
(Font)              scaled to size 8.8pt on input line 58.
LaTeX Font Info:    Font shape `U/ntxsyc/m/n' will be
(Font)              scaled to size 6.6pt on input line 58.
LaTeX Font Info:    Font shape `U/ntxexa/m/n' will be
(Font)              scaled to size 12.0pt on input line 58.
LaTeX Font Info:    Font shape `U/ntxexa/m/n' will be
(Font)              scaled to size 8.8pt on input line 58.
LaTeX Font Info:    Font shape `U/ntxexa/m/n' will be
(Font)              scaled to size 6.6pt on input line 58.
LaTeX Font Info:    Font shape `T1/ntxtlf/m/sc' will be
(Font)              scaled to size 12.0pt on input line 58.
Package microtype Info: Character `029' is missing
(microtype)             in font `T1/ntxtlf/m/sc/12'.
(microtype)             Ignoring protrusion settings for this character.
LaTeX Font Info:    Font shape `T1/ntxtlf/b/n' will be
(Font)              scaled to size 10.0pt on input line 58.
LaTeX Font Info:    Font shape `T1/ntxtlf/m/n' will be
(Font)              scaled to size 9.0pt on input line 58.
LaTeX Font Info:    Font shape `T1/ntxtlf/m/it' will be
(Font)              scaled to size 9.0pt on input line 58.
LaTeX Font Info:    Font shape `T1/ntxtlf/b/it' will be
(Font)              scaled to size 9.0pt on input line 58.
 (include/article.tex
LaTeX Font Info:    Font shape `T1/ntxtlf/b/sc' will be
(Font)              scaled to size 12.0pt on input line 1.
Package microtype Info: Character `029' is missing
(microtype)             in font `T1/ntxtlf/b/sc/12'.
(microtype)             Ignoring protrusion settings for this character.
LaTeX Font Info:    Font shape `T1/ntxtlf/m/it' will be
(Font)              scaled to size 10.0pt on input line 7.



Underfull \hbox (badness 1024) in paragraph at lines 15--16
\T1/ntxtlf/m/n/10 (+20) masing-masing kelom-pok san-gat ke-cil. Karena
 []


Underfull \hbox (badness 1515) in paragraph at lines 15--16
\T1/ntxtlf/m/n/10 (+20) keter-batasan ini, GPU tidak da-pat men-jalankan
 []



[1{C:/Users/denny/AppData/Local/MiKTeX/fonts/map/pdftex/pdftex.map}{C:/Users/denny/AppData/Local/Programs/MiKTeX/fonts/enc/dvips/newtx/ntx-ec-tlf.enc}{C:/Users/denny/AppData/Local/Programs/MiKTeX/fonts/enc/dvips/newtx/ntx-ec-tlf-pc.enc}


]
Underfull \vbox (badness 10000) has occurred while \output is active []



LaTeX Font Info:    Font shape `OT1/minntx/m/n' will be
(Font)              scaled to size 10.0pt on input line 81.
LaTeX Font Info:    Font shape `OT1/minntx/m/n' will be
(Font)              scaled to size 7.3pt on input line 81.
LaTeX Font Info:    Font shape `OT1/minntx/m/n' will be
(Font)              scaled to size 5.5pt on input line 81.
LaTeX Font Info:    Font shape `OML/ntxmi/m/it' will be
(Font)              scaled to size 10.0pt on input line 81.
LaTeX Font Info:    Font shape `OML/ntxmi/m/it' will be
(Font)              scaled to size 7.3pt on input line 81.
LaTeX Font Info:    Font shape `OML/ntxmi/m/it' will be
(Font)              scaled to size 5.5pt on input line 81.
LaTeX Font Info:    Font shape `LMS/ntxsy/m/n' will be
(Font)              scaled to size 10.0pt on input line 81.
LaTeX Font Info:    Font shape `LMS/ntxsy/m/n' will be
(Font)              scaled to size 7.3pt on input line 81.
LaTeX Font Info:    Font shape `LMS/ntxsy/m/n' will be
(Font)              scaled to size 5.5pt on input line 81.
LaTeX Font Info:    Font shape `LMX/ntxexx/m/n' will be
(Font)              scaled to size 10.0pt on input line 81.
LaTeX Font Info:    Font shape `LMX/ntxexx/m/n' will be
(Font)              scaled to size 7.3pt on input line 81.
LaTeX Font Info:    Font shape `LMX/ntxexx/m/n' will be
(Font)              scaled to size 5.5pt on input line 81.
LaTeX Font Info:    Font shape `U/ntxmia/m/it' will be
(Font)              scaled to size 10.0pt on input line 81.
LaTeX Font Info:    Font shape `U/ntxmia/m/it' will be
(Font)              scaled to size 7.3pt on input line 81.
LaTeX Font Info:    Font shape `U/ntxmia/m/it' will be
(Font)              scaled to size 5.5pt on input line 81.
LaTeX Font Info:    Font shape `U/ntxsym/m/n' will be
(Font)              scaled to size 10.0pt on input line 81.
LaTeX Font Info:    Font shape `U/ntxsym/m/n' will be
(Font)              scaled to size 7.3pt on input line 81.
LaTeX Font Info:    Font shape `U/ntxsym/m/n' will be
(Font)              scaled to size 5.5pt on input line 81.
LaTeX Font Info:    Font shape `U/ntxsyc/m/n' will be
(Font)              scaled to size 10.0pt on input line 81.
LaTeX Font Info:    Font shape `U/ntxsyc/m/n' will be
(Font)              scaled to size 7.3pt on input line 81.
LaTeX Font Info:    Font shape `U/ntxsyc/m/n' will be
(Font)              scaled to size 5.5pt on input line 81.
LaTeX Font Info:    Font shape `U/ntxexa/m/n' will be
(Font)              scaled to size 10.0pt on input line 81.
LaTeX Font Info:    Font shape `U/ntxexa/m/n' will be
(Font)              scaled to size 7.3pt on input line 81.
LaTeX Font Info:    Font shape `U/ntxexa/m/n' will be
(Font)              scaled to size 5.5pt on input line 81.


[2{C:/Users/denny/AppData/Local/Programs/MiKTeX/fonts/enc/dvips/newtx/ntx-ot1-tlf.enc}]
<images/convolution-operation.png, id=214, 733.74126pt x 308.15125pt>
File: images/convolution-operation.png Graphic file (type png)
<use images/convolution-operation.png>
Package pdftex.def Info: images/convolution-operation.png  used on input line 189.
(pdftex.def)             Requested size: 386.96027pt x 162.51534pt.
LaTeX Font Info:    Font shape `T1/ntxtlf/b/n' will be
(Font)              scaled to size 9.0pt on input line 190.

Underfull \hbox (badness 1062) in paragraph at lines 187--193
\T1/ntxtlf/m/n/10 (+20) pada ma-triks in-put beruku-ran 6x6 den-gan fil-ter
 []




Underfull \hbox (badness 1281) in paragraph at lines 202--203
[]\T1/ntxtlf/m/it/10 (+20) Field Pro-grammable Gate Ar-rays \T1/ntxtlf/m/n/10 (+20) atau FPGA
 []


Underfull \hbox (badness 8170) in paragraph at lines 204--205
\T1/ntxtlf/m/n/10 (+20) kode 1 atau 0, kode-kode ini se-lan-jut-nya
 []


Underfull \hbox (badness 2790) in paragraph at lines 204--205
\T1/ntxtlf/m/n/10 (+20) per-in-tah yang diberikan. \T1/ntxtlf/m/it/10 (+20) Mi-cro-pro-ces-sor \T1/ntxtlf/m/n/10 (+20) ini
 []


Underfull \hbox (badness 1122) in paragraph at lines 204--205
\T1/ntxtlf/m/n/10 (+20) mem-bu-tuhkan in-truksi berupa kode se-cara terus
 []



[3]
Underfull \hbox (badness 1199) in paragraph at lines 208--209
[]\T1/ntxtlf/m/n/10 (+20) FPGA \T1/ntxtlf/m/it/10 (+20) De-vel-op-ment Board \T1/ntxtlf/m/n/10 (+20) atau bi-asa dise-but
 []


Underfull \hbox (badness 1558) in paragraph at lines 208--209
\T1/ntxtlf/m/n/10 (+20) juga FPGA \T1/ntxtlf/m/it/10 (+20) Board \T1/ntxtlf/m/n/10 (+20) yaitu teknologi FPGA yang
 []

<images/pynq-z2.jpeg, id=239, 642.4pt x 481.8pt>
File: images/pynq-z2.jpeg Graphic file (type jpg)
<use images/pynq-z2.jpeg>
Package pdftex.def Info: images/pynq-z2.jpeg  used on input line 211.
(pdftex.def)             Requested size: 174.0983pt x 130.57294pt.

Underfull \hbox (badness 1237) in paragraph at lines 218--219
\T1/ntxtlf/m/n/10 (+20) kom-putasi, \T1/ntxtlf/m/it/10 (+20) frame rate \T1/ntxtlf/m/n/10 (+20) (FPS), peng-gu-naan CPU,
 []





[4 <./images/convolution-operation.png> <./images/pynq-z2.jpeg>]
LaTeX Font Info:    Trying to load font information for TS1+ntxtlf on input line 263.
 (C:\Users\denny\AppData\Local\Programs\MiKTeX\tex/latex/newtx\ts1ntxtlf.fd
File: ts1ntxtlf.fd 2015/01/18 v1.0 fd file for TS1/ntxtlf
)
LaTeX Font Info:    Font shape `TS1/ntxtlf/m/n' will be
(Font)              scaled to size 10.0pt on input line 263.

Underfull \hbox (badness 5756) in paragraph at lines 280--281
[]\T1/ntxtlf/m/n/10 (+20) Virtual \T1/ntxtlf/m/it/10 (+20) mem-ory \T1/ntxtlf/m/n/10 (+20) meng-gu-nakan disk se-ba-gai
 []



<images/rancangan-sistem2.png, id=256, 1821.80624pt x 564.1075pt>
File: images/rancangan-sistem2.png Graphic file (type png)
<use images/rancangan-sistem2.png>
Package pdftex.def Info: images/rancangan-sistem2.png  used on input line 302.
(pdftex.def)             Requested size: 217.62206pt x 67.3801pt.

Underfull \hbox (badness 1616) in paragraph at lines 307--308
\T1/ntxtlf/m/it/10 (+20) frame \T1/ntxtlf/m/n/10 (+20) yang telah dit-er-ap-kan fil-ter spasial akan
 []



[5{C:/Users/denny/AppData/Local/Programs/MiKTeX/fonts/enc/dvips/tex-gyre/q-ts1.enc} <./images/rancangan-sistem2.png>]
Underfull \hbox (badness 1178) in paragraph at lines 322--323
[]\T1/ntxtlf/m/n/10 (+20) Monitor Ek-ster-nal, un-tuk menampilkan
 []


Underfull \hbox (badness 1292) in paragraph at lines 326--327
[]\T1/ntxtlf/m/n/10 (+20) Spesifikasi FPGA De-vel-op-ment Board yang
 []


Underfull \hbox (badness 1117) in paragraph at lines 346--347
[]\T1/ntxtlf/m/n/10 (+20) Proses fil-ter spasial di-lakukan den-gan op-erasi
 []

<images/output-image/input1-grayscale.png, id=273, 1284.8pt x 722.7pt>
File: images/output-image/input1-grayscale.png Graphic file (type png)
<use images/output-image/input1-grayscale.png>
Package pdftex.def Info: images/output-image/input1-grayscale.png  used on input line 349.
(pdftex.def)             Requested size: 174.0983pt x 97.9242pt.
<images/output-image/input1-averageblur.png, id=276, 1284.8pt x 722.7pt>
File: images/output-image/input1-averageblur.png Graphic file (type png)
<use images/output-image/input1-averageblur.png>
Package pdftex.def Info: images/output-image/input1-averageblur.png  used on input line 360.
(pdftex.def)             Requested size: 174.0983pt x 97.9242pt.
<images/output-image/input1-gaussianblur.png, id=280, 1284.8pt x 722.7pt>
File: images/output-image/input1-gaussianblur.png Graphic file (type png)
<use images/output-image/input1-gaussianblur.png>
Package pdftex.def Info: images/output-image/input1-gaussianblur.png  used on input line 368.
(pdftex.def)             Requested size: 174.0983pt x 97.9242pt.


<images/output-image/input1-laplacian.png, id=283, 1284.8pt x 722.7pt>
File: images/output-image/input1-laplacian.png Graphic file (type png)
<use images/output-image/input1-laplacian.png>
Package pdftex.def Info: images/output-image/input1-laplacian.png  used on input line 376.
(pdftex.def)             Requested size: 174.0983pt x 97.9242pt.
<images/output-image/input1-sharpen.png, id=286, 1284.8pt x 722.7pt>
File: images/output-image/input1-sharpen.png Graphic file (type png)
<use images/output-image/input1-sharpen.png>
Package pdftex.def Info: images/output-image/input1-sharpen.png  used on input line 384.
(pdftex.def)             Requested size: 174.0983pt x 97.9242pt.


[6 <./images/output-image/input1-grayscale.png (PNG copy)> <./images/output-image/input1-averageblur.png (PNG copy)> <./images/output-image/input1-gaussianblur.png (PNG copy)> <./images/output-image/input1-laplacian.png (PNG copy)>]
<images/output-image/input1-sobelhor.png, id=301, 1284.8pt x 722.7pt>
File: images/output-image/input1-sobelhor.png Graphic file (type png)
<use images/output-image/input1-sobelhor.png>
Package pdftex.def Info: images/output-image/input1-sobelhor.png  used on input line 392.
(pdftex.def)             Requested size: 174.0983pt x 97.9242pt.

Underfull \hbox (badness 2582) in paragraph at lines 390--396
[]\T1/ntxtlf/m/n/10 (+20) Penerapan fil-ter spasial den-gan ker-nel \T1/ntxtlf/m/it/10 (+20) so-bel
 []

<images/output-image/input1-sobelver.png, id=304, 1284.8pt x 722.7pt>
File: images/output-image/input1-sobelver.png Graphic file (type png)
<use images/output-image/input1-sobelver.png>
Package pdftex.def Info: images/output-image/input1-sobelver.png  used on input line 400.
(pdftex.def)             Requested size: 174.0983pt x 97.9242pt.

Underfull \hbox (badness 1005) in paragraph at lines 398--404
\T1/ntxtlf/m/n/10 (+20) fil-ter \T1/ntxtlf/m/it/10 (+20) so-bel ver-ti-cal \T1/ntxtlf/m/n/10 (+20) juga da-pat di-gu-nakan un-tuk
 []


Underfull \hbox (badness 1325) in paragraph at lines 477--477
[][]|\T1/ntxtlf/m/it/9 (+20) Tabel per-bandin-gan waktu kom-putasi den-gan
 []

LaTeX Font Info:    Font shape `OT1/minntx/m/n' will be
(Font)              scaled to size 9.0pt on input line 496.
LaTeX Font Info:    Font shape `OML/ntxmi/m/it' will be
(Font)              scaled to size 9.0pt on input line 496.
LaTeX Font Info:    Font shape `LMS/ntxsy/m/n' will be
(Font)              scaled to size 9.0pt on input line 496.
LaTeX Font Info:    Font shape `LMX/ntxexx/m/n' will be
(Font)              scaled to size 9.0pt on input line 496.
LaTeX Font Info:    Font shape `U/ntxmia/m/it' will be
(Font)              scaled to size 9.0pt on input line 496.
LaTeX Font Info:    Font shape `U/ntxsym/m/n' will be
(Font)              scaled to size 9.0pt on input line 496.
LaTeX Font Info:    Font shape `U/ntxsyc/m/n' will be
(Font)              scaled to size 9.0pt on input line 496.
LaTeX Font Info:    Font shape `U/ntxexa/m/n' will be
(Font)              scaled to size 9.0pt on input line 496.
<images/chart/chart-time50.png, id=307, 506.8536pt x 277.035pt>
File: images/chart/chart-time50.png Graphic file (type png)
<use images/chart/chart-time50.png>
Package pdftex.def Info: images/chart/chart-time50.png  used on input line 500.
(pdftex.def)             Requested size: 176.27333pt x 96.34653pt.

Underfull \vbox (badness 4582) has occurred while \output is active []




Underfull \hbox (badness 1325) in paragraph at lines 510--510
[][]|\T1/ntxtlf/m/it/9 (+20) Tabel per-bandin-gan waktu kom-putasi den-gan
 []



[7 <./images/output-image/input1-sharpen.png (PNG copy)> <./images/output-image/input1-sobelhor.png (PNG copy)> <./images/output-image/input1-sobelver.png (PNG copy)> <./images/chart/chart-time50.png>]
<images/chart/chart-time200.png, id=322, 506.8536pt x 279.444pt>
File: images/chart/chart-time200.png Graphic file (type png)
<use images/chart/chart-time200.png>
Package pdftex.def Info: images/chart/chart-time200.png  used on input line 534.
(pdftex.def)             Requested size: 176.27333pt x 97.18433pt.

Overfull \hbox (16.44662pt too wide) detected at line 552
[]
 []

<images/chart/chart-fps.png, id=326, 506.8536pt x 274.1442pt>
File: images/chart/chart-fps.png Graphic file (type png)
<use images/chart/chart-fps.png>
Package pdftex.def Info: images/chart/chart-fps.png  used on input line 580.
(pdftex.def)             Requested size: 176.27333pt x 95.34116pt.

Underfull \hbox (badness 2012) in paragraph at lines 556--583
\T1/ntxtlf/m/n/10 (+20) meng-gu-nakan per-samaan []10[]. Data FPS dari
 []




Underfull \hbox (badness 1189) in paragraph at lines 585--586
\T1/ntxtlf/m/n/10 (+20) sedan-gkan ketika meng-gu-nakan FPGA diper-oleh
 []


Underfull \hbox (badness 5726) in paragraph at lines 596--598
\T1/ntxtlf/m/n/10 (+20) sehingga diper-oleh efisiensi FPS dari FPGA
 []


Underfull \hbox (badness 8132) in paragraph at lines 600--601
[]\T1/ntxtlf/m/n/10 (+20) Data per-bandin-gan peng-gu-naan CPU pada
 []



[8 <./images/chart/chart-time200.png> <./images/chart/chart-fps.png>]
<images/chart/chart-cpu.png, id=340, 507.3354pt x 279.444pt>
File: images/chart/chart-cpu.png Graphic file (type png)
<use images/chart/chart-cpu.png>
Package pdftex.def Info: images/chart/chart-cpu.png  used on input line 625.
(pdftex.def)             Requested size: 176.27333pt x 97.09052pt.

Underfull \hbox (badness 2689) in paragraph at lines 632--633
\T1/ntxtlf/m/n/10 (+20) yaitu pada ker-nel \T1/ntxtlf/m/it/10 (+20) av-er-age blur \T1/ntxtlf/m/n/10 (+20) (99,83%) dan
 []



<images/chart/chart-mem.png, id=343, 507.3354pt x 279.444pt>
File: images/chart/chart-mem.png Graphic file (type png)
<use images/chart/chart-mem.png>
Package pdftex.def Info: images/chart/chart-mem.png  used on input line 671.
(pdftex.def)             Requested size: 176.27333pt x 97.09052pt.

Underfull \hbox (badness 1062) in paragraph at lines 672--672
\T1/ntxtlf/m/it/9 (+20) den-gan meng-gu-nakan pros-esor ARM dan
 []


Underfull \vbox (badness 4660) has occurred while \output is active []



[9 <./images/chart/chart-cpu.png> <./images/chart/chart-mem.png>]
Underfull \hbox (badness 4168) in paragraph at lines 686--688
\T1/ntxtlf/m/n/10 (+20) diperoleh efisiensi peng-gu-naan \T1/ntxtlf/m/it/10 (+20) mem-ory \T1/ntxtlf/m/n/10 (+20) FPGA
 []


Overfull \hbox (2.82384pt too wide) in paragraph at lines 713--714
 [][] 
 []

<images/chart/chart-res.png, id=356, 506.3718pt x 279.444pt>
File: images/chart/chart-res.png Graphic file (type png)
<use images/chart/chart-res.png>
Package pdftex.def Info: images/chart/chart-res.png  used on input line 716.
(pdftex.def)             Requested size: 176.27333pt x 97.27812pt.

Underfull \hbox (badness 1043) in paragraph at lines 717--717
[][]|\T1/ntxtlf/m/it/9 (+20) Grafik per-bandin-gan peng-gu-naan res-i-dent
 []




Overfull \hbox (13.85657pt too wide) detected at line 731
[]
 []


Overfull \hbox (2.82384pt too wide) in paragraph at lines 756--757
 [][] 
 []

<images/chart/chart-shr.png, id=359, 507.3354pt x 279.444pt>
File: images/chart/chart-shr.png Graphic file (type png)
<use images/chart/chart-shr.png>
Package pdftex.def Info: images/chart/chart-shr.png  used on input line 759.
(pdftex.def)             Requested size: 176.27333pt x 97.09052pt.

Underfull \hbox (badness 2790) in paragraph at lines 760--760
[][]|\T1/ntxtlf/m/it/9 (+20) Grafik per-bandin-gan peng-gu-naan shared
 []


Overfull \hbox (9.12662pt too wide) detected at line 774
[]
 []



[10 <./images/chart/chart-res.png>]
Overfull \hbox (2.82384pt too wide) in paragraph at lines 799--800
 [][] 
 []

<images/chart/chart-virt.png, id=371, 507.3354pt x 279.444pt>
File: images/chart/chart-virt.png Graphic file (type png)
<use images/chart/chart-virt.png>
Package pdftex.def Info: images/chart/chart-virt.png  used on input line 802.
(pdftex.def)             Requested size: 176.27333pt x 97.09052pt.

Underfull \hbox (badness 2865) in paragraph at lines 803--803
[][]|\T1/ntxtlf/m/it/9 (+20) Grafik per-bandin-gan peng-gu-naan vir-tual
 []


Underfull \vbox (badness 4634) has occurred while \output is active []




Overfull \hbox (12.85657pt too wide) detected at line 817
[]
 []



[11 <./images/chart/chart-shr.png> <./images/chart/chart-virt.png>])
LaTeX Font Info:    Font shape `T1/ntxtlf/m/sc' will be
(Font)              scaled to size 10.0pt on input line 63.
Package microtype Info: Character `029' is missing
(microtype)             in font `T1/ntxtlf/m/sc/10'.
(microtype)             Ignoring protrusion settings for this character.
LaTeX Font Info:    Trying to load font information for T1+ntxtt on input line 63.
 (C:\Users\denny\AppData\Local\Programs\MiKTeX\tex/latex/newtx\t1ntxtt.fd
File: t1ntxtt.fd 2012/04/20 v3.1
)
LaTeX Font Info:    Font shape `T1/ntxtt/m/n' will be
(Font)              scaled to size 10.0pt on input line 63.
Package microtype Info: Loading generic protrusion settings for font family
(microtype)             `ntxtt' (encoding: T1).
(microtype)             For optimal results, create family-specific settings.
(microtype)             See the microtype manual for details.

Underfull \hbox (badness 1728) in paragraph at lines 63--63
\T1/ntxtt/m/n/10 / / www . ee . ic . ac . uk / pcheung /
 []


Underfull \hbox (badness 2828) in paragraph at lines 63--63
\T1/ntxtt/m/n/10 teaching / ee2 _ digital / Lecture2 -[]
 []


Underfull \hbox (badness 10000) in paragraph at lines 63--63
[]\T1/ntxtlf/m/n/10 (+20) Jason Cong dkk. ``Un-der-stand-ing
 []


Underfull \hbox (badness 4846) in paragraph at lines 63--63
\T1/ntxtlf/m/n/10 (+20) Per-for-mance Dif-fer-ences of FP-GAs and
 []


Underfull \hbox (badness 10000) in paragraph at lines 63--63
\T1/ntxtlf/m/n/10 (+20) GPUs''. In: \T1/ntxtlf/m/it/10 (+20) Pro-ceed-ings of the 2018
 []


Underfull \hbox (badness 4036) in paragraph at lines 63--63
\T1/ntxtlf/m/it/10 (+20) ACM/SIGDA In-ter-na-tional Sym-po-sium on
 []


Underfull \hbox (badness 5908) in paragraph at lines 63--63
\T1/ntxtlf/m/it/10 (+20) Field-Programmable Gate Ar-rays\T1/ntxtlf/m/n/10 (+20) . FPGA
 []


Underfull \hbox (badness 10000) in paragraph at lines 63--63
\T1/ntxtlf/m/n/10 (+20) '18. Mon-terey, CAL-I-FOR-NIA, USA:
 []


Underfull \hbox (badness 10000) in paragraph at lines 63--63
\T1/ntxtlf/m/n/10 (+20) As-so-ci-a-tion for Com-put-ing Ma-chin-ery,
 []


Underfull \hbox (badness 1430) in paragraph at lines 63--63
\T1/ntxtlf/m/n/10 (+20) 2018, p. 288. \T1/ntxtlf/m/sc/10 (+20) isbn\T1/ntxtlf/m/n/10 (+20) : 9781450356145. \T1/ntxtlf/m/sc/10 (+20) doi\T1/ntxtlf/m/n/10 (+20) :
 []




Underfull \hbox (badness 1158) in paragraph at lines 63--63
[]\T1/ntxtlf/m/n/10 (+20) Dmitry I. Ustyukov, Alex I. Efi-mov, and
 []


Underfull \hbox (badness 1609) in paragraph at lines 63--63
\T1/ntxtlf/m/n/10 (+20) Dmitry A. Kolchaev. ``Fea-tures of Im-age
 []


Underfull \hbox (badness 1742) in paragraph at lines 63--63
\T1/ntxtlf/m/n/10 (+20) Spa-tial Fil-ters Im-ple-men-ta-tion on FPGA''.
 []


Underfull \hbox (badness 2744) in paragraph at lines 63--63
[]\T1/ntxtlf/m/n/10 (+20) Xilinx. ``Field Pro-grammable Gate Ar-ray
 []



[12] (article-journal.aux)
 ***********
LaTeX2e <2025-06-01> patch level 1
L3 programming layer <2020/03/25>
 ***********
Package rerunfilecheck Info: File `article-journal.out' has not changed.
(rerunfilecheck)             Checksum: D69D822ADB78118AA966ACF9E2C26C80;5706.
Package logreq Info: Writing requests to 'article-journal.run.xml'.
\openout1 = `article-journal.run.xml'.

 ) 
Here is how much of TeX's memory you used:
 30691 strings out of 468149
 536231 string characters out of 5431082
 1385127 words of memory out of 5000000
 58519 multiletter control sequences out of 15000+600000
 713703 words of font info for 236 fonts, out of 8000000 for 9000
 1141 hyphenation exceptions out of 8191
 90i,16n,93p,1371b,1540s stack positions out of 10000i,1000n,20000p,200000b,200000s
<C:/Users/denny/AppData/Local/Programs/MiKTeX/fonts/type1/public/newtx/NewTXMI.pfb><C:/Users/denny/AppData/Local/Programs/MiKTeX/fonts/type1/public/newtx/NewTXMI7.pfb><C:/Users/denny/AppData/Local/Programs/MiKTeX/fonts/type1/public/tex-gyre/qtmr.pfb><C:/Users/denny/AppData/Local/Programs/MiKTeX/fonts/type1/public/txfonts/t1xtt.pfb><C:/Users/denny/AppData/Local/Programs/MiKTeX/fonts/type1/public/newtx/txexs.pfb><C:/Users/denny/AppData/Local/Programs/MiKTeX/fonts/type1/public/newtx/txmiaX.pfb><C:/Users/denny/AppData/Local/Programs/MiKTeX/fonts/type1/public/newtx/txsys.pfb><C:/Users/denny/AppData/Local/Programs/MiKTeX/fonts/type1/public/newtx/ztmb.pfb><C:/Users/denny/AppData/Local/Programs/MiKTeX/fonts/type1/public/newtx/ztmbi.pfb><C:/Users/denny/AppData/Local/Programs/MiKTeX/fonts/type1/public/newtx/ztmr.pfb><C:/Users/denny/AppData/Local/Programs/MiKTeX/fonts/type1/public/newtx/ztmri.pfb>
Output written on article-journal.pdf (12 pages, 4367341 bytes).
PDF statistics:
 492 PDF objects out of 1000 (max. 8388607)
 118 named destinations out of 1000 (max. 500000)
 35235 words of extra memory for PDF output out of 35830 (max. 10000000)

